SPEC HPC(r) 2021 Benchmark Suites
Copyright 1995-2021 Standard Performance Evaluation Corporation (SPEC)

runhpc v.unknown
Using 'linux-aarch64' tools
Reading file manifests... read 14938 entries from 2 files in 0.05s (290560 files/s)
Loading runhpc modules.................
Locating benchmarks...found 31 benchmarks in 5 benchsets.
Reading config file '/lustre/SPEChpc/config/aws_g3.cfg'
Reading included config file '/lustre/SPEChpc/config/aws.inc'
WARNING: Duplicate setting for "node_compute_sw_os000" on line 28
         of /lustre/SPEChpc/config/aws_g3.cfg
WARNING: Duplicate setting for "node_compute_sw_os001" on line 29
         of /lustre/SPEChpc/config/aws_g3.cfg


1 configuration selected:

 Action    Run Mode   Workload     Report Type     Benchmarks
--------   --------   --------   ---------------   ----------------------------
validate   speed      ref        SPEChpc2021_tny   528.pot3d_t                 
-------------------------------------------------------------------------------

Benchmarks selected: 528.pot3d_t
Compiling Binaries
  Building 528.pot3d_t base aws_mpi: (build_base_aws_mpi.0000) [2022-07-27 13:04:49]
specmake --output-sync -j 10 clean
rm -rf *.o  pot3d1.out
find . \( -name \*.o -o -name '*.fppized.f*' -o -name '*.i' -o -name '*.mod' \) -print | xargs rm -rf
rm -rf pot3d
rm -rf pot3d.exe
rm -rf core
specmake --output-sync -j 10 build
/lustre/SPEChpc/bin/specperl /lustre/SPEChpc/bin/harness/specpp -DSPEC -DNDEBUG -Ihdf5 -Ihdf5/include -DNDEBUG hdf5/HDF5.F90 -o hdf5/HDF5.fppized.f90
/lustre/SPEChpc/bin/specperl /lustre/SPEChpc/bin/harness/specpp -DSPEC -DNDEBUG -Ihdf5 -Ihdf5/include -DNDEBUG number_types.F90 -o number_types.fppized.f90
/lustre/SPEChpc/bin/specperl /lustre/SPEChpc/bin/harness/specpp -DSPEC -DNDEBUG -Ihdf5 -Ihdf5/include -DNDEBUG hdf5/H5fortran_types.F90 -o hdf5/H5fortran_types.fppized.f90
/lustre/SPEChpc/bin/specperl /lustre/SPEChpc/bin/harness/specpp -DSPEC -DNDEBUG -Ihdf5 -Ihdf5/include -DNDEBUG hdf5/H5Eff.F90 -o hdf5/H5Eff.fppized.f90
/lustre/SPEChpc/bin/specperl /lustre/SPEChpc/bin/harness/specpp -DSPEC -DNDEBUG -Ihdf5 -Ihdf5/include -DNDEBUG hdf5/H5Iff.F90 -o hdf5/H5Iff.fppized.f90
/lustre/SPEChpc/bin/specperl /lustre/SPEChpc/bin/harness/specpp -DSPEC -DNDEBUG -Ihdf5 -Ihdf5/include -DNDEBUG hdf5/H5f90global.F90 -o hdf5/H5f90global.fppized.f90
/lustre/SPEChpc/bin/specperl /lustre/SPEChpc/bin/harness/specpp -DSPEC -DNDEBUG -Ihdf5 -Ihdf5/include -DNDEBUG hdf5/H5Fff.F90 -o hdf5/H5Fff.fppized.f90
/lustre/SPEChpc/bin/specperl /lustre/SPEChpc/bin/harness/specpp -DSPEC -DNDEBUG -Ihdf5 -Ihdf5/include -DNDEBUG hdf5/H5Gff.F90 -o hdf5/H5Gff.fppized.f90
/lustre/SPEChpc/bin/specperl /lustre/SPEChpc/bin/harness/specpp -DSPEC -DNDEBUG -Ihdf5 -Ihdf5/include -DNDEBUG hdf5/H5fortkit.F90 -o hdf5/H5fortkit.fppized.f90
/lustre/SPEChpc/bin/specperl /lustre/SPEChpc/bin/harness/specpp -DSPEC -DNDEBUG -Ihdf5 -Ihdf5/include -DNDEBUG hdf5/H5Off.F90 -o hdf5/H5Off.fppized.f90
/lustre/SPEChpc/bin/specperl /lustre/SPEChpc/bin/harness/specpp -DSPEC -DNDEBUG -Ihdf5 -Ihdf5/include -DNDEBUG hdf5/H5Aff.F90 -o hdf5/H5Aff.fppized.f90
/lustre/SPEChpc/bin/specperl /lustre/SPEChpc/bin/harness/specpp -DSPEC -DNDEBUG -Ihdf5 -Ihdf5/include -DNDEBUG hdf5/H5Dff.F90 -o hdf5/H5Dff.fppized.f90
/lustre/SPEChpc/bin/specperl /lustre/SPEChpc/bin/harness/specpp -DSPEC -DNDEBUG -Ihdf5 -Ihdf5/include -DNDEBUG hdf5/H5Zff.F90 -o hdf5/H5Zff.fppized.f90
/lustre/SPEChpc/bin/specperl /lustre/SPEChpc/bin/harness/specpp -DSPEC -DNDEBUG -Ihdf5 -Ihdf5/include -DNDEBUG hdf5/H5Lff.F90 -o hdf5/H5Lff.fppized.f90
/lustre/SPEChpc/bin/specperl /lustre/SPEChpc/bin/harness/specpp -DSPEC -DNDEBUG -Ihdf5 -Ihdf5/include -DNDEBUG hdf5/H5Rff.F90 -o hdf5/H5Rff.fppized.f90
/lustre/SPEChpc/bin/specperl /lustre/SPEChpc/bin/harness/specpp -DSPEC -DNDEBUG -Ihdf5 -Ihdf5/include -DNDEBUG zm_parse_modules.F90 -o zm_parse_modules.fppized.f90
/lustre/SPEChpc/bin/specperl /lustre/SPEChpc/bin/harness/specpp -DSPEC -DNDEBUG -Ihdf5 -Ihdf5/include -DNDEBUG hdf5/H5Sff.F90 -o hdf5/H5Sff.fppized.f90
/lustre/SPEChpc/bin/specperl /lustre/SPEChpc/bin/harness/specpp -DSPEC -DNDEBUG -Ihdf5 -Ihdf5/include -DNDEBUG hdf5/H5Tff.F90 -o hdf5/H5Tff.fppized.f90
/lustre/SPEChpc/bin/specperl /lustre/SPEChpc/bin/harness/specpp -DSPEC -DNDEBUG -Ihdf5 -Ihdf5/include -DNDEBUG hdf5/H5_ff.F90 -o hdf5/H5_ff.fppized.f90
/lustre/SPEChpc/bin/specperl /lustre/SPEChpc/bin/harness/specpp -DSPEC -DNDEBUG -Ihdf5 -Ihdf5/include -DNDEBUG zm_parse.F90 -o zm_parse.fppized.f90
/lustre/SPEChpc/bin/specperl /lustre/SPEChpc/bin/harness/specpp -DSPEC -DNDEBUG -Ihdf5 -Ihdf5/include -DNDEBUG zm_sds.F90 -o zm_sds.fppized.f90
/lustre/SPEChpc/bin/specperl /lustre/SPEChpc/bin/harness/specpp -DSPEC -DNDEBUG -Ihdf5 -Ihdf5/include -DNDEBUG hdf5/H5DSff.F90 -o hdf5/H5DSff.fppized.f90
/lustre/SPEChpc/bin/specperl /lustre/SPEChpc/bin/harness/specpp -DSPEC -DNDEBUG -Ihdf5 -Ihdf5/include -DNDEBUG zm_sds_modules.F90 -o zm_sds_modules.fppized.f90
/lustre/SPEChpc/bin/specperl /lustre/SPEChpc/bin/harness/specpp -DSPEC -DNDEBUG -Ihdf5 -Ihdf5/include -DNDEBUG pot3d.F90 -o pot3d.fppized.f90
/lustre/SPEChpc/bin/specperl /lustre/SPEChpc/bin/harness/specpp -DSPEC -DNDEBUG -Ihdf5 -Ihdf5/include -DNDEBUG hdf5/H5Pff.F90 -o hdf5/H5Pff.fppized.f90
/lustre/SPEChpc/bin/specperl /lustre/SPEChpc/bin/harness/specpp -DSPEC -DNDEBUG -Ihdf5 -Ihdf5/include -DNDEBUG hdf5/H5_gen.F90 -o hdf5/H5_gen.fppized.f90
mpicc -c -o hdf5/H5ACdbg.o -DSPEC -DNDEBUG  -Ihdf5/include -Ilibz/include -DNDEBUG  -Ofast -lm                 hdf5/H5ACdbg.c
mpicc -c -o hdf5/H5.o -DSPEC -DNDEBUG  -Ihdf5/include -Ilibz/include -DNDEBUG  -Ofast -lm                 hdf5/H5.c
In file included from hdf5/H5.c:22:
hdf5/H5.c: In function 'H5check_version':
hdf5/include/H5private.h:1368:31: warning: 'strncat' specified bound 1 equals source length [-Wstringop-overflow=]
 1368 |     #define HDstrncat(X,Y,Z)  strncat(X,Y,Z)
      |                               ^~~~~~~~~~~~~~
hdf5/H5.c:806:6: note: in expansion of macro 'HDstrncat'
  806 |      HDstrncat(lib_str, "-", (size_t)1);
      |      ^~~~~~~~~
mpicc -c -o hdf5/H5ACmpio.o -DSPEC -DNDEBUG  -Ihdf5/include -Ilibz/include -DNDEBUG  -Ofast -lm                 hdf5/H5ACmpio.c
mpicc -c -o hdf5/H5ACproxy_entry.o -DSPEC -DNDEBUG  -Ihdf5/include -Ilibz/include -DNDEBUG  -Ofast -lm                 hdf5/H5ACproxy_entry.c
mpicc -c -o hdf5/H5Abtree2.o -DSPEC -DNDEBUG  -Ihdf5/include -Ilibz/include -DNDEBUG  -Ofast -lm                 hdf5/H5Abtree2.c
mpicc -c -o hdf5/H5Adense.o -DSPEC -DNDEBUG  -Ihdf5/include -Ilibz/include -DNDEBUG  -Ofast -lm                 hdf5/H5Adense.c
hdf5/H5Adense.c: In function 'H5A__dense_fnd_cb':
hdf5/H5Adense.c:331:27: warning: initialization discards 'const' qualifier from pointer target type [-Wdiscarded-qualifiers]
  331 |         H5A_t *old_attr = *user_attr;
      |                           ^
mpicc -c -o hdf5/H5Adeprec.o -DSPEC -DNDEBUG  -Ihdf5/include -Ilibz/include -DNDEBUG  -Ofast -lm                 hdf5/H5Adeprec.c
mpicc -c -o hdf5/H5Af.o -DSPEC -DNDEBUG  -Ihdf5/include -Ilibz/include -DNDEBUG  -Ofast -lm                 hdf5/H5Af.c
mpicc -c -o hdf5/H5A.o -DSPEC -DNDEBUG  -Ihdf5/include -Ilibz/include -DNDEBUG  -Ofast -lm                 hdf5/H5A.c
In file included from hdf5/H5A.c:25:
hdf5/H5A.c: In function 'H5Aget_name_by_idx':
hdf5/include/H5private.h:1374:31: warning: 'strncpy' specified bound depends on the length of the source argument [-Wstringop-overflow=]
 1374 |     #define HDstrncpy(X,Y,Z)  strncpy(X,Y,Z)
      |                               ^~~~~~~~~~~~~~
hdf5/H5A.c:892:9: note: in expansion of macro 'HDstrncpy'
  892 |         HDstrncpy(name, attr->shared->name, MIN((size_t)(ret_value + 1), size));
      |         ^~~~~~~~~
hdf5/include/H5private.h:1365:28: note: length computed here
 1365 |     #define HDstrlen(S)    strlen(S)
      |                            ^~~~~~~~~
hdf5/H5A.c:888:26: note: in expansion of macro 'HDstrlen'
  888 |     ret_value = (ssize_t)HDstrlen(attr->shared->name);
      |                          ^~~~~~~~
mpicc -c -o hdf5/H5AC.o -DSPEC -DNDEBUG  -Ihdf5/include -Ilibz/include -DNDEBUG  -Ofast -lm                 hdf5/H5AC.c
mpicc -c -o hdf5/H5Atest.o -DSPEC -DNDEBUG  -Ihdf5/include -Ilibz/include -DNDEBUG  -Ofast -lm                 hdf5/H5Atest.c
mpicc -c -o hdf5/H5B2dbg.o -DSPEC -DNDEBUG  -Ihdf5/include -Ilibz/include -DNDEBUG  -Ofast -lm                 hdf5/H5B2dbg.c
mpicc -c -o hdf5/H5B2stat.o -DSPEC -DNDEBUG  -Ihdf5/include -Ilibz/include -DNDEBUG  -Ofast -lm                 hdf5/H5B2stat.c
mpicc -c -o hdf5/H5B2hdr.o -DSPEC -DNDEBUG  -Ihdf5/include -Ilibz/include -DNDEBUG  -Ofast -lm                 hdf5/H5B2hdr.c
mpicc -c -o hdf5/H5B2cache.o -DSPEC -DNDEBUG  -Ihdf5/include -Ilibz/include -DNDEBUG  -Ofast -lm                 hdf5/H5B2cache.c
mpicc -c -o hdf5/H5Bcache.o -DSPEC -DNDEBUG  -Ihdf5/include -Ilibz/include -DNDEBUG  -Ofast -lm                 hdf5/H5Bcache.c
mpicc -c -o hdf5/H5Bdbg.o -DSPEC -DNDEBUG  -Ihdf5/include -Ilibz/include -DNDEBUG  -Ofast -lm                 hdf5/H5Bdbg.c
mpicc -c -o hdf5/H5B2test.o -DSPEC -DNDEBUG  -Ihdf5/include -Ilibz/include -DNDEBUG  -Ofast -lm                 hdf5/H5B2test.c
mpicc -c -o hdf5/H5B2leaf.o -DSPEC -DNDEBUG  -Ihdf5/include -Ilibz/include -DNDEBUG  -Ofast -lm                 hdf5/H5B2leaf.c
mpicc -c -o hdf5/H5CS.o -DSPEC -DNDEBUG  -Ihdf5/include -Ilibz/include -DNDEBUG  -Ofast -lm                 hdf5/H5CS.c
mpicc -c -o hdf5/H5B2internal.o -DSPEC -DNDEBUG  -Ihdf5/include -Ilibz/include -DNDEBUG  -Ofast -lm                 hdf5/H5B2internal.c
mpicc -c -o hdf5/H5B2.o -DSPEC -DNDEBUG  -Ihdf5/include -Ilibz/include -DNDEBUG  -Ofast -lm                 hdf5/H5B2.c
mpicc -c -o hdf5/H5Cepoch.o -DSPEC -DNDEBUG  -Ihdf5/include -Ilibz/include -DNDEBUG  -Ofast -lm                 hdf5/H5Cepoch.c
mpicc -c -o hdf5/H5Cdbg.o -DSPEC -DNDEBUG  -Ihdf5/include -Ilibz/include -DNDEBUG  -Ofast -lm                 hdf5/H5Cdbg.c
mpicc -c -o hdf5/H5B.o -DSPEC -DNDEBUG  -Ihdf5/include -Ilibz/include -DNDEBUG  -Ofast -lm                 hdf5/H5B.c
mpicc -c -o hdf5/H5Cprefetched.o -DSPEC -DNDEBUG  -Ihdf5/include -Ilibz/include -DNDEBUG  -Ofast -lm                 hdf5/H5Cprefetched.c
mpicc -c -o hdf5/H5B2int.o -DSPEC -DNDEBUG  -Ihdf5/include -Ilibz/include -DNDEBUG  -Ofast -lm                 hdf5/H5B2int.c
mpicc -c -o hdf5/H5Cquery.o -DSPEC -DNDEBUG  -Ihdf5/include -Ilibz/include -DNDEBUG  -Ofast -lm                 hdf5/H5Cquery.c
mpicc -c -o hdf5/H5Clog.o -DSPEC -DNDEBUG  -Ihdf5/include -Ilibz/include -DNDEBUG  -Ofast -lm                 hdf5/H5Clog.c
mpicc -c -o hdf5/H5Clog_trace.o -DSPEC -DNDEBUG  -Ihdf5/include -Ilibz/include -DNDEBUG  -Ofast -lm                 hdf5/H5Clog_trace.c
mpicc -c -o hdf5/H5Aint.o -DSPEC -DNDEBUG  -Ihdf5/include -Ilibz/include -DNDEBUG  -Ofast -lm                 hdf5/H5Aint.c
hdf5/H5Aint.c: In function 'H5A__create':
hdf5/H5Aint.c:200:45: warning: passing argument 1 of 'H5T_copy' discards 'const' qualifier from pointer target type [-Wdiscarded-qualifiers]
  200 |     if(NULL == (attr->shared->dt = H5T_copy(type, H5T_COPY_ALL)))
      |                                             ^~~~
In file included from hdf5/include/H5Oprivate.h:45,
                 from hdf5/include/H5Aprivate.h:25,
                 from hdf5/include/H5Apkg.h:37,
                 from hdf5/H5Aint.c:37:
hdf5/include/H5Tprivate.h:108:15: note: expected 'H5T_t *' {aka 'struct H5T_t *'} but argument is of type 'const H5T_t *' {aka 'const struct H5T_t *'}
  108 | H5_DLL H5T_t *H5T_copy(H5T_t *old_dt, H5T_copy_t method);
      |               ^~~~~~~~
hdf5/H5Aint.c: In function 'H5A__read':
hdf5/H5Aint.c:638:71: warning: passing argument 1 of 'H5T_copy' discards 'const' qualifier from pointer target type [-Wdiscarded-qualifiers]
  638 |                         (dst_id = H5I_register(H5I_DATATYPE, H5T_copy(mem_type, H5T_COPY_ALL), FALSE)) < 0)
      |                                                                       ^~~~~~~~
In file included from hdf5/include/H5Oprivate.h:45,
                 from hdf5/include/H5Aprivate.h:25,
                 from hdf5/include/H5Apkg.h:37,
                 from hdf5/H5Aint.c:37:
hdf5/include/H5Tprivate.h:108:15: note: expected 'H5T_t *' {aka 'struct H5T_t *'} but argument is of type 'const H5T_t *' {aka 'const struct H5T_t *'}
  108 | H5_DLL H5T_t *H5T_copy(H5T_t *old_dt, H5T_copy_t method);
      |               ^~~~~~~~
hdf5/H5Aint.c: In function 'H5A__write':
hdf5/H5Aint.c:738:62: warning: passing argument 1 of 'H5T_copy' discards 'const' qualifier from pointer target type [-Wdiscarded-qualifiers]
  738 |             if((src_id = H5I_register(H5I_DATATYPE, H5T_copy(mem_type, H5T_COPY_ALL), FALSE)) < 0 ||
      |                                                              ^~~~~~~~
In file included from hdf5/include/H5Oprivate.h:45,
                 from hdf5/include/H5Aprivate.h:25,
                 from hdf5/include/H5Apkg.h:37,
                 from hdf5/H5Aint.c:37:
hdf5/include/H5Tprivate.h:108:15: note: expected 'H5T_t *' {aka 'struct H5T_t *'} but argument is of type 'const H5T_t *' {aka 'const struct H5T_t *'}
  108 | H5_DLL H5T_t *H5T_copy(H5T_t *old_dt, H5T_copy_t method);
      |               ^~~~~~~~
mpicc -c -o hdf5/H5Clog_json.o -DSPEC -DNDEBUG  -Ihdf5/include -Ilibz/include -DNDEBUG  -Ofast -lm                 hdf5/H5Clog_json.c
mpicc -c -o hdf5/H5Ctest.o -DSPEC -DNDEBUG  -Ihdf5/include -Ilibz/include -DNDEBUG  -Ofast -lm                 hdf5/H5Ctest.c
mpicc -c -o hdf5/H5Ctag.o -DSPEC -DNDEBUG  -Ihdf5/include -Ilibz/include -DNDEBUG  -Ofast -lm                 hdf5/H5Ctag.c
mpicc -c -o hdf5/H5Cmpio.o -DSPEC -DNDEBUG  -Ihdf5/include -Ilibz/include -DNDEBUG  -Ofast -lm                 hdf5/H5Cmpio.c
mpicc -c -o hdf5/H5Ddbg.o -DSPEC -DNDEBUG  -Ihdf5/include -Ilibz/include -DNDEBUG  -Ofast -lm                 hdf5/H5Ddbg.c
mpicc -c -o hdf5/H5Dcompact.o -DSPEC -DNDEBUG  -Ihdf5/include -Ilibz/include -DNDEBUG  -Ofast -lm                 hdf5/H5Dcompact.c
mpicc -c -o hdf5/H5Cimage.o -DSPEC -DNDEBUG  -Ihdf5/include -Ilibz/include -DNDEBUG  -Ofast -lm                 hdf5/H5Cimage.c
mpicc -c -o hdf5/H5Ddeprec.o -DSPEC -DNDEBUG  -Ihdf5/include -Ilibz/include -DNDEBUG  -Ofast -lm                 hdf5/H5Ddeprec.c
mpicc -c -o hdf5/H5Dbtree.o -DSPEC -DNDEBUG  -Ihdf5/include -Ilibz/include -DNDEBUG  -Ofast -lm                 hdf5/H5Dbtree.c
mpicc -c -o hdf5/H5Dbtree2.o -DSPEC -DNDEBUG  -Ihdf5/include -Ilibz/include -DNDEBUG  -Ofast -lm                 hdf5/H5Dbtree2.c
mpicc -c -o hdf5/H5D.o -DSPEC -DNDEBUG  -Ihdf5/include -Ilibz/include -DNDEBUG  -Ofast -lm                 hdf5/H5D.c
mpicc -c -o hdf5/H5CX.o -DSPEC -DNDEBUG  -Ihdf5/include -Ilibz/include -DNDEBUG  -Ofast -lm                 hdf5/H5CX.c
mpicc -c -o hdf5/H5Dcontig.o -DSPEC -DNDEBUG  -Ihdf5/include -Ilibz/include -DNDEBUG  -Ofast -lm                 hdf5/H5Dcontig.c
mpicc -c -o hdf5/H5Defl.o -DSPEC -DNDEBUG  -Ihdf5/include -Ilibz/include -DNDEBUG  -Ofast -lm                 hdf5/H5Defl.c
mpicc -c -o hdf5/H5Df.o -DSPEC -DNDEBUG  -Ihdf5/include -Ilibz/include -DNDEBUG  -Ofast -lm                 hdf5/H5Df.c
mpicc -c -o hdf5/H5Dfill.o -DSPEC -DNDEBUG  -Ihdf5/include -Ilibz/include -DNDEBUG  -Ofast -lm                 hdf5/H5Dfill.c
hdf5/H5Dfill.c: In function 'H5D__fill':
hdf5/H5Dfill.c:239:62: warning: passing argument 1 of 'H5T_copy' discards 'const' qualifier from pointer target type [-Wdiscarded-qualifiers]
  239 |             if((src_id = H5I_register(H5I_DATATYPE, H5T_copy(fill_type, H5T_COPY_ALL), FALSE)) < 0)
      |                                                              ^~~~~~~~~
In file included from hdf5/include/H5Zprivate.h:28,
                 from hdf5/include/H5CXprivate.h:30,
                 from hdf5/H5Dfill.c:36:
hdf5/include/H5Tprivate.h:108:15: note: expected 'H5T_t *' {aka 'struct H5T_t *'} but argument is of type 'const H5T_t *' {aka 'const struct H5T_t *'}
  108 | H5_DLL H5T_t *H5T_copy(H5T_t *old_dt, H5T_copy_t method);
      |               ^~~~~~~~
hdf5/H5Dfill.c:242:62: warning: passing argument 1 of 'H5T_copy' discards 'const' qualifier from pointer target type [-Wdiscarded-qualifiers]
  242 |             if((dst_id = H5I_register(H5I_DATATYPE, H5T_copy(buf_type, H5T_COPY_ALL), FALSE)) < 0)
      |                                                              ^~~~~~~~
In file included from hdf5/include/H5Zprivate.h:28,
                 from hdf5/include/H5CXprivate.h:30,
                 from hdf5/H5Dfill.c:36:
hdf5/include/H5Tprivate.h:108:15: note: expected 'H5T_t *' {aka 'struct H5T_t *'} but argument is of type 'const H5T_t *' {aka 'const struct H5T_t *'}
  108 | H5_DLL H5T_t *H5T_copy(H5T_t *old_dt, H5T_copy_t method);
      |               ^~~~~~~~
hdf5/H5Dfill.c: In function 'H5D__fill_init':
hdf5/H5Dfill.c:408:54: warning: passing argument 1 of 'H5T_copy' discards 'const' qualifier from pointer target type [-Wdiscarded-qualifiers]
  408 |             if(NULL == (fb_info->mem_type = H5T_copy(dset_type, H5T_COPY_TRANSIENT)))
      |                                                      ^~~~~~~~~
In file included from hdf5/include/H5Zprivate.h:28,
                 from hdf5/include/H5CXprivate.h:30,
                 from hdf5/H5Dfill.c:36:
hdf5/include/H5Tprivate.h:108:15: note: expected 'H5T_t *' {aka 'struct H5T_t *'} but argument is of type 'const H5T_t *' {aka 'const struct H5T_t *'}
  108 | H5_DLL H5T_t *H5T_copy(H5T_t *old_dt, H5T_copy_t method);
      |               ^~~~~~~~
mpicc -c -o hdf5/H5Dearray.o -DSPEC -DNDEBUG  -Ihdf5/include -Ilibz/include -DNDEBUG  -Ofast -lm                 hdf5/H5Dearray.c
mpicc -c -o hdf5/H5Dlayout.o -DSPEC -DNDEBUG  -Ihdf5/include -Ilibz/include -DNDEBUG  -Ofast -lm                 hdf5/H5Dlayout.c
mpicc -c -o hdf5/H5Dfarray.o -DSPEC -DNDEBUG  -Ihdf5/include -Ilibz/include -DNDEBUG  -Ofast -lm                 hdf5/H5Dfarray.c
mpicc -c -o hdf5/H5Dnone.o -DSPEC -DNDEBUG  -Ihdf5/include -Ilibz/include -DNDEBUG  -Ofast -lm                 hdf5/H5Dnone.c
mpicc -c -o hdf5/H5Doh.o -DSPEC -DNDEBUG  -Ihdf5/include -Ilibz/include -DNDEBUG  -Ofast -lm                 hdf5/H5Doh.c
mpicc -c -o hdf5/H5Dselect.o -DSPEC -DNDEBUG  -Ihdf5/include -Ilibz/include -DNDEBUG  -Ofast -lm                 hdf5/H5Dselect.c
mpicc -c -o hdf5/H5Dsingle.o -DSPEC -DNDEBUG  -Ihdf5/include -Ilibz/include -DNDEBUG  -Ofast -lm                 hdf5/H5Dsingle.c
mpicc -c -o hdf5/H5Dio.o -DSPEC -DNDEBUG  -Ihdf5/include -Ilibz/include -DNDEBUG  -Ofast -lm                 hdf5/H5Dio.c
In file included from hdf5/H5Dio.c:24:
hdf5/H5Dio.c: In function 'H5D__ioinfo_adjust':
hdf5/include/H5private.h:1368:31: warning: 'strncat' specified bound 2 equals source length [-Wstringop-overflow=]
 1368 |     #define HDstrncat(X,Y,Z)  strncat(X,Y,Z)
      |                               ^~~~~~~~~~~~~~
hdf5/H5Dio.c:1201:29: note: in expansion of macro 'HDstrncat'
 1201 |                             HDstrncat(local_no_collective_cause_string, "; ", 2);
      |                             ^~~~~~~~~
hdf5/include/H5private.h:1368:31: warning: 'strncat' specified bound 2 equals source length [-Wstringop-overflow=]
 1368 |     #define HDstrncat(X,Y,Z)  strncat(X,Y,Z)
      |                               ^~~~~~~~~~~~~~
hdf5/H5Dio.c:1213:29: note: in expansion of macro 'HDstrncat'
 1213 |                             HDstrncat(global_no_collective_cause_string, "; ", 2);
      |                             ^~~~~~~~~
mpicc -c -o hdf5/H5Dtest.o -DSPEC -DNDEBUG  -Ihdf5/include -Ilibz/include -DNDEBUG  -Ofast -lm                 hdf5/H5Dtest.c
mpicc -c -o hdf5/H5Dscatgath.o -DSPEC -DNDEBUG  -Ihdf5/include -Ilibz/include -DNDEBUG  -Ofast -lm                 hdf5/H5Dscatgath.c
mpicc -c -o hdf5/H5EAdbg.o -DSPEC -DNDEBUG  -Ihdf5/include -Ilibz/include -DNDEBUG  -Ofast -lm                 hdf5/H5EAdbg.c
mpicc -c -o hdf5/H5EA.o -DSPEC -DNDEBUG  -Ihdf5/include -Ilibz/include -DNDEBUG  -Ofast -lm                 hdf5/H5EA.c
mpicc -c -o hdf5/H5EAdblkpage.o -DSPEC -DNDEBUG  -Ihdf5/include -Ilibz/include -DNDEBUG  -Ofast -lm                 hdf5/H5EAdblkpage.c
mpicc -c -o hdf5/H5C.o -DSPEC -DNDEBUG  -Ihdf5/include -Ilibz/include -DNDEBUG  -Ofast -lm                 hdf5/H5C.c
mpicc -c -o hdf5/H5EAdblock.o -DSPEC -DNDEBUG  -Ihdf5/include -Ilibz/include -DNDEBUG  -Ofast -lm                 hdf5/H5EAdblock.c
mpicc -c -o hdf5/H5EAcache.o -DSPEC -DNDEBUG  -Ihdf5/include -Ilibz/include -DNDEBUG  -Ofast -lm                 hdf5/H5EAcache.c
mpicc -c -o hdf5/H5EAint.o -DSPEC -DNDEBUG  -Ihdf5/include -Ilibz/include -DNDEBUG  -Ofast -lm                 hdf5/H5EAint.c
mpicc -c -o hdf5/H5EAiblock.o -DSPEC -DNDEBUG  -Ihdf5/include -Ilibz/include -DNDEBUG  -Ofast -lm                 hdf5/H5EAiblock.c
mpicc -c -o hdf5/H5EAhdr.o -DSPEC -DNDEBUG  -Ihdf5/include -Ilibz/include -DNDEBUG  -Ofast -lm                 hdf5/H5EAhdr.c
mpicc -c -o hdf5/H5EAsblock.o -DSPEC -DNDEBUG  -Ihdf5/include -Ilibz/include -DNDEBUG  -Ofast -lm                 hdf5/H5EAsblock.c
mpicc -c -o hdf5/H5EAstat.o -DSPEC -DNDEBUG  -Ihdf5/include -Ilibz/include -DNDEBUG  -Ofast -lm                 hdf5/H5EAstat.c
mpicc -c -o hdf5/H5Dint.o -DSPEC -DNDEBUG  -Ihdf5/include -Ilibz/include -DNDEBUG  -Ofast -lm                 hdf5/H5Dint.c
hdf5/H5Dint.c: In function 'H5D__init_type':
hdf5/H5Dint.c:508:43: warning: passing argument 1 of 'H5T_copy' discards 'const' qualifier from pointer target type [-Wdiscarded-qualifiers]
  508 |         if((dset->shared->type = H5T_copy(type, H5T_COPY_ALL)) == NULL)
      |                                           ^~~~
In file included from hdf5/include/H5Oprivate.h:45,
                 from hdf5/include/H5Dprivate.h:25,
                 from hdf5/include/H5Dpkg.h:30,
                 from hdf5/H5Dint.c:25:
hdf5/include/H5Tprivate.h:108:15: note: expected 'H5T_t *' {aka 'struct H5T_t *'} but argument is of type 'const H5T_t *' {aka 'const struct H5T_t *'}
  108 | H5_DLL H5T_t *H5T_copy(H5T_t *old_dt, H5T_copy_t method);
      |               ^~~~~~~~
mpicc -c -o hdf5/H5Ef.o -DSPEC -DNDEBUG  -Ihdf5/include -Ilibz/include -DNDEBUG  -Ofast -lm                 hdf5/H5Ef.c
mpicc -c -o hdf5/H5Dmpio.o -DSPEC -DNDEBUG  -Ihdf5/include -Ilibz/include -DNDEBUG  -Ofast -lm                 hdf5/H5Dmpio.c
mpicc -c -o hdf5/H5EAtest.o -DSPEC -DNDEBUG  -Ihdf5/include -Ilibz/include -DNDEBUG  -Ofast -lm                 hdf5/H5EAtest.c
mpicc -c -o hdf5/H5Edeprec.o -DSPEC -DNDEBUG  -Ihdf5/include -Ilibz/include -DNDEBUG  -Ofast -lm                 hdf5/H5Edeprec.c
mpicc -c -o hdf5/H5FAdbg.o -DSPEC -DNDEBUG  -Ihdf5/include -Ilibz/include -DNDEBUG  -Ofast -lm                 hdf5/H5FAdbg.c
mpicc -c -o hdf5/H5Eint.o -DSPEC -DNDEBUG  -Ihdf5/include -Ilibz/include -DNDEBUG  -Ofast -lm                 hdf5/H5Eint.c
In file included from hdf5/H5Eint.c:35:
hdf5/H5Eint.c: In function 'H5E_printf_stack':
hdf5/include/H5private.h:1503:37: warning: implicit declaration of function 'vasprintf'; did you mean 'vsprintf'? [-Wimplicit-function-declaration]
 1503 |     #define HDvasprintf(RET,FMT,A)  vasprintf(RET,FMT,A)
      |                                     ^~~~~~~~~
hdf5/H5Eint.c:711:8: note: in expansion of macro 'HDvasprintf'
  711 |     if(HDvasprintf(&tmp, fmt, ap) < 0)
      |        ^~~~~~~~~~~
hdf5/H5Eint.c: In function 'H5E_get_msg':
hdf5/include/H5private.h:1374:31: warning: 'strncpy' specified bound depends on the length of the source argument [-Wstringop-overflow=]
 1374 |     #define HDstrncpy(X,Y,Z)  strncpy(X,Y,Z)
      |                               ^~~~~~~~~~~~~~
hdf5/H5Eint.c:144:8: note: in expansion of macro 'HDstrncpy'
  144 |        HDstrncpy(msg_str, msg->msg, MIN((size_t)(len+1), size));
      |        ^~~~~~~~~
hdf5/include/H5private.h:1365:28: note: length computed here
 1365 |     #define HDstrlen(S)    strlen(S)
      |                            ^~~~~~~~~
hdf5/H5Eint.c:140:20: note: in expansion of macro 'HDstrlen'
  140 |     len = (ssize_t)HDstrlen(msg->msg);
      |                    ^~~~~~~~
mpicc -c -o hdf5/H5FAdblkpage.o -DSPEC -DNDEBUG  -Ihdf5/include -Ilibz/include -DNDEBUG  -Ofast -lm                 hdf5/H5FAdblkpage.c
mpicc -c -o hdf5/H5FA.o -DSPEC -DNDEBUG  -Ihdf5/include -Ilibz/include -DNDEBUG  -Ofast -lm                 hdf5/H5FA.c
mpicc -c -o hdf5/H5FAdblock.o -DSPEC -DNDEBUG  -Ihdf5/include -Ilibz/include -DNDEBUG  -Ofast -lm                 hdf5/H5FAdblock.c
mpicc -c -o hdf5/H5FAcache.o -DSPEC -DNDEBUG  -Ihdf5/include -Ilibz/include -DNDEBUG  -Ofast -lm                 hdf5/H5FAcache.c
mpicc -c -o hdf5/H5FAstat.o -DSPEC -DNDEBUG  -Ihdf5/include -Ilibz/include -DNDEBUG  -Ofast -lm                 hdf5/H5FAstat.c
mpicc -c -o hdf5/H5FAint.o -DSPEC -DNDEBUG  -Ihdf5/include -Ilibz/include -DNDEBUG  -Ofast -lm                 hdf5/H5FAint.c
mpicc -c -o hdf5/H5Dvirtual.o -DSPEC -DNDEBUG  -Ihdf5/include -Ilibz/include -DNDEBUG  -Ofast -lm                 hdf5/H5Dvirtual.c
mpicc -c -o hdf5/H5FAhdr.o -DSPEC -DNDEBUG  -Ihdf5/include -Ilibz/include -DNDEBUG  -Ofast -lm                 hdf5/H5FAhdr.c
mpicc -c -o hdf5/H5FDdirect.o -DSPEC -DNDEBUG  -Ihdf5/include -Ilibz/include -DNDEBUG  -Ofast -lm                 hdf5/H5FDdirect.c
mpicc -c -o hdf5/H5FAtest.o -DSPEC -DNDEBUG  -Ihdf5/include -Ilibz/include -DNDEBUG  -Ofast -lm                 hdf5/H5FAtest.c
mpicc -c -o hdf5/H5Dchunk.o -DSPEC -DNDEBUG  -Ihdf5/include -Ilibz/include -DNDEBUG  -Ofast -lm                 hdf5/H5Dchunk.c
hdf5/H5Dchunk.c: In function 'H5D__chunk_copy_cb':
hdf5/H5Dchunk.c:5796:111: warning: passing argument 5 of 'H5D__chunk_file_alloc' discards 'const' qualifier from pointer target type [-Wdiscarded-qualifiers]
 5796 |     if(H5D__chunk_file_alloc(udata->idx_info_dst, NULL, &udata_dst.chunk_block, &need_insert, udata_dst.common.scaled) < 0)
      |                                                                                               ~~~~~~~~~~~~~~~~^~~~~~~
In file included from hdf5/H5Dchunk.c:56:
hdf5/include/H5Dpkg.h:650:59: note: expected 'hsize_t *' {aka 'long long unsigned int *'} but argument is of type 'const hsize_t *' {aka 'const long long unsigned int *'}
  650 |     H5F_block_t *new_chunk, hbool_t *need_insert, hsize_t scaled[]);
      |                                                   ~~~~~~~~^~~~~~~~
hdf5/H5Dchunk.c: In function 'H5D__chunk_copy':
hdf5/H5Dchunk.c:5933:39: warning: passing argument 1 of 'H5T_copy' discards 'const' qualifier from pointer target type [-Wdiscarded-qualifiers]
 5933 |         if(NULL == (dt_mem = H5T_copy(dt_src, H5T_COPY_TRANSIENT)))
      |                                       ^~~~~~
In file included from hdf5/include/H5Zprivate.h:28,
                 from hdf5/include/H5CXprivate.h:30,
                 from hdf5/H5Dchunk.c:55:
hdf5/include/H5Tprivate.h:108:15: note: expected 'H5T_t *' {aka 'struct H5T_t *'} but argument is of type 'const H5T_t *' {aka 'const struct H5T_t *'}
  108 | H5_DLL H5T_t *H5T_copy(H5T_t *old_dt, H5T_copy_t method);
      |               ^~~~~~~~
hdf5/H5Dchunk.c:5941:39: warning: passing argument 1 of 'H5T_copy' discards 'const' qualifier from pointer target type [-Wdiscarded-qualifiers]
 5941 |         if(NULL == (dt_dst = H5T_copy(dt_src, H5T_COPY_TRANSIENT)))
      |                                       ^~~~~~
In file included from hdf5/include/H5Zprivate.h:28,
                 from hdf5/include/H5CXprivate.h:30,
                 from hdf5/H5Dchunk.c:55:
hdf5/include/H5Tprivate.h:108:15: note: expected 'H5T_t *' {aka 'struct H5T_t *'} but argument is of type 'const H5T_t *' {aka 'const struct H5T_t *'}
  108 | H5_DLL H5T_t *H5T_copy(H5T_t *old_dt, H5T_copy_t method);
      |               ^~~~~~~~
mpicc -c -o hdf5/H5FDmpi.o -DSPEC -DNDEBUG  -Ihdf5/include -Ilibz/include -DNDEBUG  -Ofast -lm                 hdf5/H5FDmpi.c
mpicc -c -o hdf5/H5FDint.o -DSPEC -DNDEBUG  -Ihdf5/include -Ilibz/include -DNDEBUG  -Ofast -lm                 hdf5/H5FDint.c
mpicc -c -o hdf5/H5FDcore.o -DSPEC -DNDEBUG  -Ihdf5/include -Ilibz/include -DNDEBUG  -Ofast -lm                 hdf5/H5FDcore.c
mpicc -c -o hdf5/H5E.o -DSPEC -DNDEBUG  -Ihdf5/include -Ilibz/include -DNDEBUG  -Ofast -lm                 hdf5/H5E.c
In file included from hdf5/H5E.c:52:
hdf5/H5E.c: In function 'H5Epush2':
hdf5/include/H5private.h:1503:37: warning: implicit declaration of function 'vasprintf'; did you mean 'vsprintf'? [-Wimplicit-function-declaration]
 1503 |     #define HDvasprintf(RET,FMT,A)  vasprintf(RET,FMT,A)
      |                                     ^~~~~~~~~
hdf5/H5E.c:1391:8: note: in expansion of macro 'HDvasprintf'
 1391 |     if(HDvasprintf(&tmp, fmt, ap) < 0)
      |        ^~~~~~~~~~~
In function 'H5E_get_class_name',
    inlined from 'H5Eget_class_name' at hdf5/H5E.c:610:21:
hdf5/include/H5private.h:1374:31: warning: 'strncpy' specified bound depends on the length of the source argument [-Wstringop-overflow=]
 1374 |     #define HDstrncpy(X,Y,Z)  strncpy(X,Y,Z)
      |                               ^~~~~~~~~~~~~~
hdf5/H5E.c:646:8: note: in expansion of macro 'HDstrncpy'
  646 |        HDstrncpy(name, cls->cls_name, MIN((size_t)(len + 1), size));
      |        ^~~~~~~~~
hdf5/H5E.c: In function 'H5Eget_class_name':
hdf5/include/H5private.h:1365:28: note: length computed here
 1365 |     #define HDstrlen(S)    strlen(S)
      |                            ^~~~~~~~~
hdf5/H5E.c:642:20: note: in expansion of macro 'HDstrlen'
  642 |     len = (ssize_t)HDstrlen(cls->cls_name);
      |                    ^~~~~~~~
mpicc -c -o hdf5/H5FDfamily.o -DSPEC -DNDEBUG  -Ihdf5/include -Ilibz/include -DNDEBUG  -Ofast -lm                 hdf5/H5FDfamily.c
mpicc -c -o hdf5/H5F.o -DSPEC -DNDEBUG  -Ihdf5/include -Ilibz/include -DNDEBUG  -Ofast -lm                 hdf5/H5F.c
In file included from hdf5/H5F.c:24:
hdf5/H5F.c: In function 'H5Fget_name':
hdf5/include/H5private.h:1374:31: warning: 'strncpy' specified bound depends on the length of the source argument [-Wstringop-overflow=]
 1374 |     #define HDstrncpy(X,Y,Z)  strncpy(X,Y,Z)
      |                               ^~~~~~~~~~~~~~
hdf5/H5F.c:1153:9: note: in expansion of macro 'HDstrncpy'
 1153 |         HDstrncpy(name, H5F_OPEN_NAME(f), MIN(len + 1,size));
      |         ^~~~~~~~~
hdf5/include/H5private.h:1365:28: note: length computed here
 1365 |     #define HDstrlen(S)    strlen(S)
      |                            ^~~~~~~~~
hdf5/H5F.c:1150:11: note: in expansion of macro 'HDstrlen'
 1150 |     len = HDstrlen(H5F_OPEN_NAME(f));
      |           ^~~~~~~~
mpicc -c -o hdf5/H5FDtest.o -DSPEC -DNDEBUG  -Ihdf5/include -Ilibz/include -DNDEBUG  -Ofast -lm                 hdf5/H5FDtest.c
mpicc -c -o hdf5/H5FDspace.o -DSPEC -DNDEBUG  -Ihdf5/include -Ilibz/include -DNDEBUG  -Ofast -lm                 hdf5/H5FDspace.c
mpicc -c -o hdf5/H5FDlog.o -DSPEC -DNDEBUG  -Ihdf5/include -Ilibz/include -DNDEBUG  -Ofast -lm                 hdf5/H5FDlog.c
mpicc -c -o hdf5/H5FDsec2.o -DSPEC -DNDEBUG  -Ihdf5/include -Ilibz/include -DNDEBUG  -Ofast -lm                 hdf5/H5FDsec2.c
mpicc -c -o hdf5/H5FDwindows.o -DSPEC -DNDEBUG  -Ihdf5/include -Ilibz/include -DNDEBUG  -Ofast -lm                 hdf5/H5FDwindows.c
mpicc -c -o hdf5/H5FDstdio.o -DSPEC -DNDEBUG  -Ihdf5/include -Ilibz/include -DNDEBUG  -Ofast -lm                 hdf5/H5FDstdio.c
mpicc -c -o hdf5/H5FSint.o -DSPEC -DNDEBUG  -Ihdf5/include -Ilibz/include -DNDEBUG  -Ofast -lm                 hdf5/H5FSint.c
mpicc -c -o hdf5/H5FO.o -DSPEC -DNDEBUG  -Ihdf5/include -Ilibz/include -DNDEBUG  -Ofast -lm                 hdf5/H5FO.c
mpicc -c -o hdf5/H5FSdbg.o -DSPEC -DNDEBUG  -Ihdf5/include -Ilibz/include -DNDEBUG  -Ofast -lm                 hdf5/H5FSdbg.c
mpicc -c -o hdf5/H5FDmpio.o -DSPEC -DNDEBUG  -Ihdf5/include -Ilibz/include -DNDEBUG  -Ofast -lm                 hdf5/H5FDmpio.c
mpicc -c -o hdf5/H5FD.o -DSPEC -DNDEBUG  -Ihdf5/include -Ilibz/include -DNDEBUG  -Ofast -lm                 hdf5/H5FD.c
mpicc -c -o hdf5/H5FSstat.o -DSPEC -DNDEBUG  -Ihdf5/include -Ilibz/include -DNDEBUG  -Ofast -lm                 hdf5/H5FSstat.c
mpicc -c -o hdf5/H5FStest.o -DSPEC -DNDEBUG  -Ihdf5/include -Ilibz/include -DNDEBUG  -Ofast -lm                 hdf5/H5FStest.c
mpicc -c -o hdf5/H5FDmulti.o -DSPEC -DNDEBUG  -Ihdf5/include -Ilibz/include -DNDEBUG  -Ofast -lm                 hdf5/H5FDmulti.c
hdf5/H5FDmulti.c: In function 'H5FD_multi_sb_encode':
hdf5/H5FDmulti.c:697:9: warning: 'strncpy' specified bound depends on the length of the source argument [-Wstringop-overflow=]
  697 |         strncpy((char *)p, file->fa.memb_name[mt], n);
      |         ^~~~~~~~~~~~~~~~~~~~~~~~~~~~~~~~~~~~~~~~~~~~~
hdf5/H5FDmulti.c:696:20: note: length computed here
  696 |         size_t n = strlen(file->fa.memb_name[mt]) + 1;
      |                    ^~~~~~~~~~~~~~~~~~~~~~~~~~~~~~
mpicc -c -o hdf5/H5Fdbg.o -DSPEC -DNDEBUG  -Ihdf5/include -Ilibz/include -DNDEBUG  -Ofast -lm                 hdf5/H5Fdbg.c
mpicc -c -o hdf5/H5FS.o -DSPEC -DNDEBUG  -Ihdf5/include -Ilibz/include -DNDEBUG  -Ofast -lm                 hdf5/H5FS.c
mpicc -c -o hdf5/H5Fcwfs.o -DSPEC -DNDEBUG  -Ihdf5/include -Ilibz/include -DNDEBUG  -Ofast -lm                 hdf5/H5Fcwfs.c
mpicc -c -o hdf5/H5Fdeprec.o -DSPEC -DNDEBUG  -Ihdf5/include -Ilibz/include -DNDEBUG  -Ofast -lm                 hdf5/H5Fdeprec.c
mpicc -c -o hdf5/H5FL.o -DSPEC -DNDEBUG  -Ihdf5/include -Ilibz/include -DNDEBUG  -Ofast -lm                 hdf5/H5FL.c
mpicc -c -o hdf5/H5FScache.o -DSPEC -DNDEBUG  -Ihdf5/include -Ilibz/include -DNDEBUG  -Ofast -lm                 hdf5/H5FScache.c
mpicc -c -o hdf5/H5Ffake.o -DSPEC -DNDEBUG  -Ihdf5/include -Ilibz/include -DNDEBUG  -Ofast -lm                 hdf5/H5Ffake.c
mpicc -c -o hdf5/H5Ff.o -DSPEC -DNDEBUG  -Ihdf5/include -Ilibz/include -DNDEBUG  -Ofast -lm                 hdf5/H5Ff.c
mpicc -c -o hdf5/H5Fefc.o -DSPEC -DNDEBUG  -Ihdf5/include -Ilibz/include -DNDEBUG  -Ofast -lm                 hdf5/H5Fefc.c
mpicc -c -o hdf5/H5Faccum.o -DSPEC -DNDEBUG  -Ihdf5/include -Ilibz/include -DNDEBUG  -Ofast -lm                 hdf5/H5Faccum.c
mpicc -c -o hdf5/H5Fio.o -DSPEC -DNDEBUG  -Ihdf5/include -Ilibz/include -DNDEBUG  -Ofast -lm                 hdf5/H5Fio.c
mpicc -c -o hdf5/H5Fsfile.o -DSPEC -DNDEBUG  -Ihdf5/include -Ilibz/include -DNDEBUG  -Ofast -lm                 hdf5/H5Fsfile.c
mpicc -c -o hdf5/H5Fspace.o -DSPEC -DNDEBUG  -Ihdf5/include -Ilibz/include -DNDEBUG  -Ofast -lm                 hdf5/H5Fspace.c
mpicc -c -o hdf5/H5Fmpi.o -DSPEC -DNDEBUG  -Ihdf5/include -Ilibz/include -DNDEBUG  -Ofast -lm                 hdf5/H5Fmpi.c
mpicc -c -o hdf5/H5Fquery.o -DSPEC -DNDEBUG  -Ihdf5/include -Ilibz/include -DNDEBUG  -Ofast -lm                 hdf5/H5Fquery.c
mpicc -c -o hdf5/H5Ftest.o -DSPEC -DNDEBUG  -Ihdf5/include -Ilibz/include -DNDEBUG  -Ofast -lm                 hdf5/H5Ftest.c
mpicc -c -o hdf5/H5Fmount.o -DSPEC -DNDEBUG  -Ihdf5/include -Ilibz/include -DNDEBUG  -Ofast -lm                 hdf5/H5Fmount.c
mpicc -c -o hdf5/H5Gbtree2.o -DSPEC -DNDEBUG  -Ihdf5/include -Ilibz/include -DNDEBUG  -Ofast -lm                 hdf5/H5Gbtree2.c
mpicc -c -o hdf5/H5FSsection.o -DSPEC -DNDEBUG  -Ihdf5/include -Ilibz/include -DNDEBUG  -Ofast -lm                 hdf5/H5FSsection.c
mpicc -c -o hdf5/H5Gcache.o -DSPEC -DNDEBUG  -Ihdf5/include -Ilibz/include -DNDEBUG  -Ofast -lm                 hdf5/H5Gcache.c
mpicc -c -o hdf5/H5Fsuper_cache.o -DSPEC -DNDEBUG  -Ihdf5/include -Ilibz/include -DNDEBUG  -Ofast -lm                 hdf5/H5Fsuper_cache.c
mpicc -c -o hdf5/H5Gcompact.o -DSPEC -DNDEBUG  -Ihdf5/include -Ilibz/include -DNDEBUG  -Ofast -lm                 hdf5/H5Gcompact.c
In file included from hdf5/H5Gcompact.c:28:
hdf5/H5Gcompact.c: In function 'H5G__compact_get_name_by_idx':
hdf5/include/H5private.h:1374:31: warning: 'strncpy' specified bound depends on the length of the source argument [-Wstringop-overflow=]
 1374 |     #define HDstrncpy(X,Y,Z)  strncpy(X,Y,Z)
      |                               ^~~~~~~~~~~~~~
hdf5/H5Gcompact.c:244:9: note: in expansion of macro 'HDstrncpy'
  244 |         HDstrncpy(name, ltable.lnks[idx].name, MIN((size_t)(ret_value + 1), size));
      |         ^~~~~~~~~
hdf5/include/H5private.h:1365:28: note: length computed here
 1365 |     #define HDstrlen(S)    strlen(S)
      |                            ^~~~~~~~~
hdf5/H5Gcompact.c:240:26: note: in expansion of macro 'HDstrlen'
  240 |     ret_value = (ssize_t)HDstrlen(ltable.lnks[idx].name);
      |                          ^~~~~~~~
mpicc -c -o hdf5/H5G.o -DSPEC -DNDEBUG  -Ihdf5/include -Ilibz/include -DNDEBUG  -Ofast -lm                 hdf5/H5G.c
mpicc -c -o hdf5/H5Gf.o -DSPEC -DNDEBUG  -Ihdf5/include -Ilibz/include -DNDEBUG  -Ofast -lm                 hdf5/H5Gf.c
mpicc -c -o hdf5/H5Glink.o -DSPEC -DNDEBUG  -Ihdf5/include -Ilibz/include -DNDEBUG  -Ofast -lm                 hdf5/H5Glink.c
mpicc -c -o hdf5/H5Fsuper.o -DSPEC -DNDEBUG  -Ihdf5/include -Ilibz/include -DNDEBUG  -Ofast -lm                 hdf5/H5Fsuper.c
mpicc -c -o hdf5/H5Gent.o -DSPEC -DNDEBUG  -Ihdf5/include -Ilibz/include -DNDEBUG  -Ofast -lm                 hdf5/H5Gent.c
mpicc -c -o hdf5/H5Gdense.o -DSPEC -DNDEBUG  -Ihdf5/include -Ilibz/include -DNDEBUG  -Ofast -lm                 hdf5/H5Gdense.c
In file included from hdf5/H5Gdense.c:35:
hdf5/H5Gdense.c: In function 'H5G__dense_get_name_by_idx':
hdf5/include/H5private.h:1374:31: warning: 'strncpy' specified bound depends on the length of the source argument [-Wstringop-overflow=]
 1374 |     #define HDstrncpy(X,Y,Z)  strncpy(X,Y,Z)
      |                               ^~~~~~~~~~~~~~
hdf5/H5Gdense.c:1255:13: note: in expansion of macro 'HDstrncpy'
 1255 |             HDstrncpy(name, ltable.lnks[n].name, MIN((size_t)(ret_value + 1), size));
      |             ^~~~~~~~~
hdf5/include/H5private.h:1365:28: note: length computed here
 1365 |     #define HDstrlen(S)    strlen(S)
      |                            ^~~~~~~~~
hdf5/H5Gdense.c:1251:30: note: in expansion of macro 'HDstrlen'
 1251 |         ret_value = (ssize_t)HDstrlen(ltable.lnks[n].name);
      |                              ^~~~~~~~
mpicc -c -o hdf5/H5Gint.o -DSPEC -DNDEBUG  -Ihdf5/include -Ilibz/include -DNDEBUG  -Ofast -lm                 hdf5/H5Gint.c
mpicc -c -o hdf5/H5Gloc.o -DSPEC -DNDEBUG  -Ihdf5/include -Ilibz/include -DNDEBUG  -Ofast -lm                 hdf5/H5Gloc.c
mpicc -c -o hdf5/H5Gdeprec.o -DSPEC -DNDEBUG  -Ihdf5/include -Ilibz/include -DNDEBUG  -Ofast -lm                 hdf5/H5Gdeprec.c
mpicc -c -o hdf5/H5Goh.o -DSPEC -DNDEBUG  -Ihdf5/include -Ilibz/include -DNDEBUG  -Ofast -lm                 hdf5/H5Goh.c
mpicc -c -o hdf5/H5Groot.o -DSPEC -DNDEBUG  -Ihdf5/include -Ilibz/include -DNDEBUG  -Ofast -lm                 hdf5/H5Groot.c
mpicc -c -o hdf5/H5Gname.o -DSPEC -DNDEBUG  -Ihdf5/include -Ilibz/include -DNDEBUG  -Ofast -lm                 hdf5/H5Gname.c
In file included from hdf5/H5Gname.c:35:
hdf5/H5Gname.c: In function 'H5G_build_fullpath':
hdf5/include/H5private.h:1368:31: warning: 'strncat' specified bound 1 equals source length [-Wstringop-overflow=]
 1368 |     #define HDstrncat(X,Y,Z)  strncat(X,Y,Z)
      |                               ^~~~~~~~~~~~~~
hdf5/H5Gname.c:324:9: note: in expansion of macro 'HDstrncat'
  324 |         HDstrncat(full_path, "/", (size_t)1);
      |         ^~~~~~~~~
mpicc -c -o hdf5/H5Gobj.o -DSPEC -DNDEBUG  -Ihdf5/include -Ilibz/include -DNDEBUG  -Ofast -lm                 hdf5/H5Gobj.c
mpicc -c -o hdf5/H5Fint.o -DSPEC -DNDEBUG  -Ihdf5/include -Ilibz/include -DNDEBUG  -Ofast -lm                 hdf5/H5Fint.c
mpicc -c -o hdf5/H5Gnode.o -DSPEC -DNDEBUG  -Ihdf5/include -Ilibz/include -DNDEBUG  -Ofast -lm                 hdf5/H5Gnode.c
mpicc -c -o hdf5/H5Gtest.o -DSPEC -DNDEBUG  -Ihdf5/include -Ilibz/include -DNDEBUG  -Ofast -lm                 hdf5/H5Gtest.c
mpicc -c -o hdf5/H5Gtraverse.o -DSPEC -DNDEBUG  -Ihdf5/include -Ilibz/include -DNDEBUG  -Ofast -lm                 hdf5/H5Gtraverse.c
mpicc -c -o hdf5/H5HF.o -DSPEC -DNDEBUG  -Ihdf5/include -Ilibz/include -DNDEBUG  -Ofast -lm                 hdf5/H5HF.c
mpicc -c -o hdf5/H5HFdtable.o -DSPEC -DNDEBUG  -Ihdf5/include -Ilibz/include -DNDEBUG  -Ofast -lm                 hdf5/H5HFdtable.c
mpicc -c -o hdf5/H5Gstab.o -DSPEC -DNDEBUG  -Ihdf5/include -Ilibz/include -DNDEBUG  -Ofast -lm                 hdf5/H5Gstab.c
In file included from hdf5/H5Gstab.c:29:
hdf5/H5Gstab.c: In function 'H5G__stab_get_name_by_idx':
hdf5/include/H5private.h:1374:31: warning: 'strncpy' specified bound depends on the length of the source argument [-Wstringop-overflow=]
 1374 |     #define HDstrncpy(X,Y,Z)  strncpy(X,Y,Z)
      |                               ^~~~~~~~~~~~~~
hdf5/H5Gstab.c:799:9: note: in expansion of macro 'HDstrncpy'
  799 |         HDstrncpy(name, udata.name, MIN((size_t)(ret_value + 1), size));
      |         ^~~~~~~~~
hdf5/include/H5private.h:1365:28: note: length computed here
 1365 |     #define HDstrlen(S)    strlen(S)
      |                            ^~~~~~~~~
hdf5/H5Gstab.c:795:26: note: in expansion of macro 'HDstrlen'
  795 |     ret_value = (ssize_t)HDstrlen(udata.name);
      |                          ^~~~~~~~
mpicc -c -o hdf5/H5HFdbg.o -DSPEC -DNDEBUG  -Ihdf5/include -Ilibz/include -DNDEBUG  -Ofast -lm                 hdf5/H5HFdbg.c
mpicc -c -o hdf5/H5HFbtree2.o -DSPEC -DNDEBUG  -Ihdf5/include -Ilibz/include -DNDEBUG  -Ofast -lm                 hdf5/H5HFbtree2.c
mpicc -c -o hdf5/H5HFdblock.o -DSPEC -DNDEBUG  -Ihdf5/include -Ilibz/include -DNDEBUG  -Ofast -lm                 hdf5/H5HFdblock.c
mpicc -c -o hdf5/H5HFiter.o -DSPEC -DNDEBUG  -Ihdf5/include -Ilibz/include -DNDEBUG  -Ofast -lm                 hdf5/H5HFiter.c
mpicc -c -o hdf5/H5HFstat.o -DSPEC -DNDEBUG  -Ihdf5/include -Ilibz/include -DNDEBUG  -Ofast -lm                 hdf5/H5HFstat.c
mpicc -c -o hdf5/H5HFspace.o -DSPEC -DNDEBUG  -Ihdf5/include -Ilibz/include -DNDEBUG  -Ofast -lm                 hdf5/H5HFspace.c
mpicc -c -o hdf5/H5HFtest.o -DSPEC -DNDEBUG  -Ihdf5/include -Ilibz/include -DNDEBUG  -Ofast -lm                 hdf5/H5HFtest.c
mpicc -c -o hdf5/H5HFman.o -DSPEC -DNDEBUG  -Ihdf5/include -Ilibz/include -DNDEBUG  -Ofast -lm                 hdf5/H5HFman.c
mpicc -c -o hdf5/H5HFhdr.o -DSPEC -DNDEBUG  -Ihdf5/include -Ilibz/include -DNDEBUG  -Ofast -lm                 hdf5/H5HFhdr.c
mpicc -c -o hdf5/H5HFtiny.o -DSPEC -DNDEBUG  -Ihdf5/include -Ilibz/include -DNDEBUG  -Ofast -lm                 hdf5/H5HFtiny.c
mpicc -c -o hdf5/H5HGquery.o -DSPEC -DNDEBUG  -Ihdf5/include -Ilibz/include -DNDEBUG  -Ofast -lm                 hdf5/H5HGquery.c
mpicc -c -o hdf5/H5HFhuge.o -DSPEC -DNDEBUG  -Ihdf5/include -Ilibz/include -DNDEBUG  -Ofast -lm                 hdf5/H5HFhuge.c
mpicc -c -o hdf5/H5HGdbg.o -DSPEC -DNDEBUG  -Ihdf5/include -Ilibz/include -DNDEBUG  -Ofast -lm                 hdf5/H5HGdbg.c
mpicc -c -o hdf5/H5HGcache.o -DSPEC -DNDEBUG  -Ihdf5/include -Ilibz/include -DNDEBUG  -Ofast -lm                 hdf5/H5HGcache.c
mpicc -c -o hdf5/H5HFcache.o -DSPEC -DNDEBUG  -Ihdf5/include -Ilibz/include -DNDEBUG  -Ofast -lm                 hdf5/H5HFcache.c
hdf5/H5HFcache.c: In function 'H5HF__cache_hdr_serialize':
hdf5/H5HFcache.c:772:12: warning: assignment discards 'const' qualifier from pointer target type [-Wdiscarded-qualifiers]
  772 |     hdr->f = f;
      |            ^
hdf5/H5HFcache.c: In function 'H5HF__cache_iblock_serialize':
hdf5/H5HFcache.c:1362:12: warning: assignment discards 'const' qualifier from pointer target type [-Wdiscarded-qualifiers]
 1362 |     hdr->f = f;
      |            ^
mpicc -c -o hdf5/H5HLdbg.o -DSPEC -DNDEBUG  -Ihdf5/include -Ilibz/include -DNDEBUG  -Ofast -lm                 hdf5/H5HLdbg.c
mpicc -c -o hdf5/H5HFiblock.o -DSPEC -DNDEBUG  -Ihdf5/include -Ilibz/include -DNDEBUG  -Ofast -lm                 hdf5/H5HFiblock.c
mpicc -c -o hdf5/H5HLint.o -DSPEC -DNDEBUG  -Ihdf5/include -Ilibz/include -DNDEBUG  -Ofast -lm                 hdf5/H5HLint.c
mpicc -c -o hdf5/H5HLprfx.o -DSPEC -DNDEBUG  -Ihdf5/include -Ilibz/include -DNDEBUG  -Ofast -lm                 hdf5/H5HLprfx.c
mpicc -c -o hdf5/H5HLdblk.o -DSPEC -DNDEBUG  -Ihdf5/include -Ilibz/include -DNDEBUG  -Ofast -lm                 hdf5/H5HLdblk.c
mpicc -c -o hdf5/H5HG.o -DSPEC -DNDEBUG  -Ihdf5/include -Ilibz/include -DNDEBUG  -Ofast -lm                 hdf5/H5HG.c
mpicc -c -o hdf5/H5lib_settings.o -DSPEC -DNDEBUG  -Ihdf5/include -Ilibz/include -DNDEBUG  -Ofast -lm                 hdf5/H5lib_settings.c
mpicc -c -o hdf5/H5HL.o -DSPEC -DNDEBUG  -Ihdf5/include -Ilibz/include -DNDEBUG  -Ofast -lm                 hdf5/H5HL.c
mpicc -c -o hdf5/H5HLcache.o -DSPEC -DNDEBUG  -Ihdf5/include -Ilibz/include -DNDEBUG  -Ofast -lm                 hdf5/H5HLcache.c
mpicc -c -o hdf5/H5If.o -DSPEC -DNDEBUG  -Ihdf5/include -Ilibz/include -DNDEBUG  -Ofast -lm                 hdf5/H5If.c
mpicc -c -o hdf5/H5HP.o -DSPEC -DNDEBUG  -Ihdf5/include -Ilibz/include -DNDEBUG  -Ofast -lm                 hdf5/H5HP.c
mpicc -c -o hdf5/H5Itest.o -DSPEC -DNDEBUG  -Ihdf5/include -Ilibz/include -DNDEBUG  -Ofast -lm                 hdf5/H5Itest.c
mpicc -c -o hdf5/H5MM.o -DSPEC -DNDEBUG  -Ihdf5/include -Ilibz/include -DNDEBUG  -Ofast -lm                 hdf5/H5MM.c
mpicc -c -o hdf5/H5Lf.o -DSPEC -DNDEBUG  -Ihdf5/include -Ilibz/include -DNDEBUG  -Ofast -lm                 hdf5/H5Lf.c
mpicc -c -o hdf5/H5Lexternal.o -DSPEC -DNDEBUG  -Ihdf5/include -Ilibz/include -DNDEBUG  -Ofast -lm                 hdf5/H5Lexternal.c
mpicc -c -o hdf5/H5MFdbg.o -DSPEC -DNDEBUG  -Ihdf5/include -Ilibz/include -DNDEBUG  -Ofast -lm                 hdf5/H5MFdbg.c
mpicc -c -o hdf5/H5HFsection.o -DSPEC -DNDEBUG  -Ihdf5/include -Ilibz/include -DNDEBUG  -Ofast -lm                 hdf5/H5HFsection.c
mpicc -c -o hdf5/H5MPtest.o -DSPEC -DNDEBUG  -Ihdf5/include -Ilibz/include -DNDEBUG  -Ofast -lm                 hdf5/H5MPtest.c
mpicc -c -o hdf5/H5MFsection.o -DSPEC -DNDEBUG  -Ihdf5/include -Ilibz/include -DNDEBUG  -Ofast -lm                 hdf5/H5MFsection.c
mpicc -c -o hdf5/H5MFaggr.o -DSPEC -DNDEBUG  -Ihdf5/include -Ilibz/include -DNDEBUG  -Ofast -lm                 hdf5/H5MFaggr.c
mpicc -c -o hdf5/H5MP.o -DSPEC -DNDEBUG  -Ihdf5/include -Ilibz/include -DNDEBUG  -Ofast -lm                 hdf5/H5MP.c
mpicc -c -o hdf5/H5Oainfo.o -DSPEC -DNDEBUG  -Ihdf5/include -Ilibz/include -DNDEBUG  -Ofast -lm                 hdf5/H5Oainfo.c
mpicc -c -o hdf5/H5Obogus.o -DSPEC -DNDEBUG  -Ihdf5/include -Ilibz/include -DNDEBUG  -Ofast -lm                 hdf5/H5Obogus.c
mpicc -c -o hdf5/H5Obtreek.o -DSPEC -DNDEBUG  -Ihdf5/include -Ilibz/include -DNDEBUG  -Ofast -lm                 hdf5/H5Obtreek.c
mpicc -c -o hdf5/H5Ocache_image.o -DSPEC -DNDEBUG  -Ihdf5/include -Ilibz/include -DNDEBUG  -Ofast -lm                 hdf5/H5Ocache_image.c
mpicc -c -o hdf5/H5I.o -DSPEC -DNDEBUG  -Ihdf5/include -Ilibz/include -DNDEBUG  -Ofast -lm                 hdf5/H5I.c
mpicc -c -o hdf5/H5Oattr.o -DSPEC -DNDEBUG  -Ihdf5/include -Ilibz/include -DNDEBUG  -Ofast -lm                 hdf5/H5Oattr.c
mpicc -c -o hdf5/H5Ochunk.o -DSPEC -DNDEBUG  -Ihdf5/include -Ilibz/include -DNDEBUG  -Ofast -lm                 hdf5/H5Ochunk.c
mpicc -c -o hdf5/H5Ocont.o -DSPEC -DNDEBUG  -Ihdf5/include -Ilibz/include -DNDEBUG  -Ofast -lm                 hdf5/H5Ocont.c
mpicc -c -o hdf5/H5O.o -DSPEC -DNDEBUG  -Ihdf5/include -Ilibz/include -DNDEBUG  -Ofast -lm                 hdf5/H5O.c
mpicc -c -o hdf5/H5Odrvinfo.o -DSPEC -DNDEBUG  -Ihdf5/include -Ilibz/include -DNDEBUG  -Ofast -lm                 hdf5/H5Odrvinfo.c
mpicc -c -o hdf5/H5Ocache.o -DSPEC -DNDEBUG  -Ihdf5/include -Ilibz/include -DNDEBUG  -Ofast -lm                 hdf5/H5Ocache.c
mpicc -c -o hdf5/H5Oattribute.o -DSPEC -DNDEBUG  -Ihdf5/include -Ilibz/include -DNDEBUG  -Ofast -lm                 hdf5/H5Oattribute.c
mpicc -c -o hdf5/H5Odbg.o -DSPEC -DNDEBUG  -Ihdf5/include -Ilibz/include -DNDEBUG  -Ofast -lm                 hdf5/H5Odbg.c
mpicc -c -o hdf5/H5MF.o -DSPEC -DNDEBUG  -Ihdf5/include -Ilibz/include -DNDEBUG  -Ofast -lm                 hdf5/H5MF.c
mpicc -c -o hdf5/H5L.o -DSPEC -DNDEBUG  -Ihdf5/include -Ilibz/include -DNDEBUG  -Ofast -lm                 hdf5/H5L.c
mpicc -c -o hdf5/H5Of.o -DSPEC -DNDEBUG  -Ihdf5/include -Ilibz/include -DNDEBUG  -Ofast -lm                 hdf5/H5Of.c
mpicc -c -o hdf5/H5Oefl.o -DSPEC -DNDEBUG  -Ihdf5/include -Ilibz/include -DNDEBUG  -Ofast -lm                 hdf5/H5Oefl.c
mpicc -c -o hdf5/H5Oflush.o -DSPEC -DNDEBUG  -Ihdf5/include -Ilibz/include -DNDEBUG  -Ofast -lm                 hdf5/H5Oflush.c
mpicc -c -o hdf5/H5Ofsinfo.o -DSPEC -DNDEBUG  -Ihdf5/include -Ilibz/include -DNDEBUG  -Ofast -lm                 hdf5/H5Ofsinfo.c
mpicc -c -o hdf5/H5Oginfo.o -DSPEC -DNDEBUG  -Ihdf5/include -Ilibz/include -DNDEBUG  -Ofast -lm                 hdf5/H5Oginfo.c
mpicc -c -o hdf5/H5Oalloc.o -DSPEC -DNDEBUG  -Ihdf5/include -Ilibz/include -DNDEBUG  -Ofast -lm                 hdf5/H5Oalloc.c
mpicc -c -o hdf5/H5Ofill.o -DSPEC -DNDEBUG  -Ihdf5/include -Ilibz/include -DNDEBUG  -Ofast -lm                 hdf5/H5Ofill.c
mpicc -c -o hdf5/H5Oname.o -DSPEC -DNDEBUG  -Ihdf5/include -Ilibz/include -DNDEBUG  -Ofast -lm                 hdf5/H5Oname.c
mpicc -c -o hdf5/H5Ocopy.o -DSPEC -DNDEBUG  -Ihdf5/include -Ilibz/include -DNDEBUG  -Ofast -lm                 hdf5/H5Ocopy.c
mpicc -c -o hdf5/H5Omtime.o -DSPEC -DNDEBUG  -Ihdf5/include -Ilibz/include -DNDEBUG  -Ofast -lm                 hdf5/H5Omtime.c
mpicc -c -o hdf5/H5Olinfo.o -DSPEC -DNDEBUG  -Ihdf5/include -Ilibz/include -DNDEBUG  -Ofast -lm                 hdf5/H5Olinfo.c
mpicc -c -o hdf5/H5Onull.o -DSPEC -DNDEBUG  -Ihdf5/include -Ilibz/include -DNDEBUG  -Ofast -lm                 hdf5/H5Onull.c
mpicc -c -o hdf5/H5Olink.o -DSPEC -DNDEBUG  -Ihdf5/include -Ilibz/include -DNDEBUG  -Ofast -lm                 hdf5/H5Olink.c
mpicc -c -o hdf5/H5Orefcount.o -DSPEC -DNDEBUG  -Ihdf5/include -Ilibz/include -DNDEBUG  -Ofast -lm                 hdf5/H5Orefcount.c
mpicc -c -o hdf5/H5Odtype.o -DSPEC -DNDEBUG  -Ihdf5/include -Ilibz/include -DNDEBUG  -Ofast -lm                 hdf5/H5Odtype.c
hdf5/H5Odtype.c: In function 'H5O_dtype_copy':
hdf5/H5Odtype.c:1190:32: warning: passing argument 1 of 'H5T_copy' discards 'const' qualifier from pointer target type [-Wdiscarded-qualifiers]
 1190 |     if(NULL == (dst = H5T_copy(src, H5T_COPY_ALL)))
      |                                ^~~
In file included from hdf5/include/H5Oprivate.h:45,
                 from hdf5/include/H5Dprivate.h:25,
                 from hdf5/H5Odtype.c:19:
hdf5/include/H5Tprivate.h:108:15: note: expected 'H5T_t *' {aka 'struct H5T_t *'} but argument is of type 'const H5T_t *' {aka 'const struct H5T_t *'}
  108 | H5_DLL H5T_t *H5T_copy(H5T_t *old_dt, H5T_copy_t method);
      |               ^~~~~~~~
hdf5/H5Odtype.c: In function 'H5O_dtype_pre_copy_file':
hdf5/H5Odtype.c:1544:49: warning: passing argument 1 of 'H5T_copy' discards 'const' qualifier from pointer target type [-Wdiscarded-qualifiers]
 1544 |         if(NULL == (udata->src_dtype = H5T_copy(dt_src, H5T_COPY_TRANSIENT)))
      |                                                 ^~~~~~
In file included from hdf5/include/H5Oprivate.h:45,
                 from hdf5/include/H5Dprivate.h:25,
                 from hdf5/H5Odtype.c:19:
hdf5/include/H5Tprivate.h:108:15: note: expected 'H5T_t *' {aka 'struct H5T_t *'} but argument is of type 'const H5T_t *' {aka 'const struct H5T_t *'}
  108 | H5_DLL H5T_t *H5T_copy(H5T_t *old_dt, H5T_copy_t method);
      |               ^~~~~~~~
mpicc -c -o hdf5/H5Oshmesg.o -DSPEC -DNDEBUG  -Ihdf5/include -Ilibz/include -DNDEBUG  -Ofast -lm                 hdf5/H5Oshmesg.c
mpicc -c -o hdf5/H5Oshared.o -DSPEC -DNDEBUG  -Ihdf5/include -Ilibz/include -DNDEBUG  -Ofast -lm                 hdf5/H5Oshared.c
mpicc -c -o hdf5/H5Ostab.o -DSPEC -DNDEBUG  -Ihdf5/include -Ilibz/include -DNDEBUG  -Ofast -lm                 hdf5/H5Ostab.c
mpicc -c -o hdf5/H5Olayout.o -DSPEC -DNDEBUG  -Ihdf5/include -Ilibz/include -DNDEBUG  -Ofast -lm                 hdf5/H5Olayout.c
mpicc -c -o hdf5/H5Osdspace.o -DSPEC -DNDEBUG  -Ihdf5/include -Ilibz/include -DNDEBUG  -Ofast -lm                 hdf5/H5Osdspace.c
mpicc -c -o hdf5/H5Ounknown.o -DSPEC -DNDEBUG  -Ihdf5/include -Ilibz/include -DNDEBUG  -Ofast -lm                 hdf5/H5Ounknown.c
mpicc -c -o hdf5/H5Opline.o -DSPEC -DNDEBUG  -Ihdf5/include -Ilibz/include -DNDEBUG  -Ofast -lm                 hdf5/H5Opline.c
mpicc -c -o hdf5/H5PLplugin_cache.o -DSPEC -DNDEBUG  -Ihdf5/include -Ilibz/include -DNDEBUG  -Ofast -lm                 hdf5/H5PLplugin_cache.c
mpicc -c -o hdf5/H5Pacpl.o -DSPEC -DNDEBUG  -Ihdf5/include -Ilibz/include -DNDEBUG  -Ofast -lm                 hdf5/H5Pacpl.c
mpicc -c -o hdf5/H5PLint.o -DSPEC -DNDEBUG  -Ihdf5/include -Ilibz/include -DNDEBUG  -Ofast -lm                 hdf5/H5PLint.c
mpicc -c -o hdf5/H5Oint.o -DSPEC -DNDEBUG  -Ihdf5/include -Ilibz/include -DNDEBUG  -Ofast -lm                 hdf5/H5Oint.c
mpicc -c -o hdf5/H5Otest.o -DSPEC -DNDEBUG  -Ihdf5/include -Ilibz/include -DNDEBUG  -Ofast -lm                 hdf5/H5Otest.c
mpicc -c -o hdf5/H5PL.o -DSPEC -DNDEBUG  -Ihdf5/include -Ilibz/include -DNDEBUG  -Ofast -lm                 hdf5/H5PL.c
In file included from hdf5/H5PL.c:23:
hdf5/H5PL.c: In function 'H5PLget':
hdf5/include/H5private.h:1374:31: warning: 'strncpy' specified bound depends on the length of the source argument [-Wstringop-overflow=]
 1374 |     #define HDstrncpy(X,Y,Z)  strncpy(X,Y,Z)
      |                               ^~~~~~~~~~~~~~
hdf5/H5PL.c:373:9: note: in expansion of macro 'HDstrncpy'
  373 |         HDstrncpy(path_buf, path, MIN((size_t)(path_len + 1), buf_size));
      |         ^~~~~~~~~
hdf5/include/H5private.h:1365:28: note: length computed here
 1365 |     #define HDstrlen(S)    strlen(S)
      |                            ^~~~~~~~~
hdf5/H5PL.c:369:16: note: in expansion of macro 'HDstrlen'
  369 |     path_len = HDstrlen(path);
      |                ^~~~~~~~
mpicc -c -o hdf5/H5Omessage.o -DSPEC -DNDEBUG  -Ihdf5/include -Ilibz/include -DNDEBUG  -Ofast -lm                 hdf5/H5Omessage.c
mpicc -c -o hdf5/H5PLpath.o -DSPEC -DNDEBUG  -Ihdf5/include -Ilibz/include -DNDEBUG  -Ofast -lm                 hdf5/H5PLpath.c
mpicc -c -o hdf5/H5Pdeprec.o -DSPEC -DNDEBUG  -Ihdf5/include -Ilibz/include -DNDEBUG  -Ofast -lm                 hdf5/H5Pdeprec.c
mpicc -c -o hdf5/H5Pencdec.o -DSPEC -DNDEBUG  -Ihdf5/include -Ilibz/include -DNDEBUG  -Ofast -lm                 hdf5/H5Pencdec.c
In file included from hdf5/H5Pencdec.c:29:
In function 'H5P__encode_cb',
    inlined from 'H5P__encode_cb' at hdf5/H5Pencdec.c:333:1:
hdf5/include/H5private.h:1374:31: warning: 'strncpy' specified bound depends on the length of the source argument [-Wstringop-overflow=]
 1374 |     #define HDstrncpy(X,Y,Z)  strncpy(X,Y,Z)
      |                               ^~~~~~~~~~~~~~
hdf5/H5Pencdec.c:353:13: note: in expansion of macro 'HDstrncpy'
  353 |             HDstrncpy((char *)*(udata->pp), prop->name, prop_name_len);
      |             ^~~~~~~~~
hdf5/H5Pencdec.c: In function 'H5P__encode_cb':
hdf5/include/H5private.h:1365:28: note: length computed here
 1365 |     #define HDstrlen(S)    strlen(S)
      |                            ^~~~~~~~~
hdf5/H5Pencdec.c:351:25: note: in expansion of macro 'HDstrlen'
  351 |         prop_name_len = HDstrlen(prop->name) + 1;
      |                         ^~~~~~~~
mpicc -c -o hdf5/H5PB.o -DSPEC -DNDEBUG  -Ihdf5/include -Ilibz/include -DNDEBUG  -Ofast -lm                 hdf5/H5PB.c
mpicc -c -o hdf5/H5Pfmpl.o -DSPEC -DNDEBUG  -Ihdf5/include -Ilibz/include -DNDEBUG  -Ofast -lm                 hdf5/H5Pfmpl.c
mpicc -c -o hdf5/H5P.o -DSPEC -DNDEBUG  -Ihdf5/include -Ilibz/include -DNDEBUG  -Ofast -lm                 hdf5/H5P.c
mpicc -c -o hdf5/H5Plcpl.o -DSPEC -DNDEBUG  -Ihdf5/include -Ilibz/include -DNDEBUG  -Ofast -lm                 hdf5/H5Plcpl.c
mpicc -c -o hdf5/H5Pdapl.o -DSPEC -DNDEBUG  -Ihdf5/include -Ilibz/include -DNDEBUG  -Ofast -lm                 hdf5/H5Pdapl.c
hdf5/H5Pdapl.c: In function 'H5P__dacc_reg_prop':
hdf5/H5Pdapl.c:52:49: warning: passing argument 8 of 'H5P_register_real' from incompatible pointer type [-Wincompatible-pointer-types]
   52 | #define H5D_ACS_DATA_CACHE_NUM_SLOTS_ENC        H5P__encode_chunk_cache_nslots
      |                                                 ^~~~~~~~~~~~~~~~~~~~~~~~~~~~~~
      |                                                 |
      |                                                 herr_t (*)(const void *, void **, size_t *) {aka int (*)(const void *, void **, long unsigned int *)}
hdf5/H5Pdapl.c:208:32: note: in expansion of macro 'H5D_ACS_DATA_CACHE_NUM_SLOTS_ENC'
  208 |              NULL, NULL, NULL, H5D_ACS_DATA_CACHE_NUM_SLOTS_ENC, H5D_ACS_DATA_CACHE_NUM_SLOTS_DEC, NULL, NULL, NULL, NULL) < 0)
      |                                ^~~~~~~~~~~~~~~~~~~~~~~~~~~~~~~~
In file included from hdf5/H5Pdapl.c:40:
hdf5/include/H5Ppkg.h:141:27: note: expected 'H5P_prp_encode_func_t' {aka 'int (*)(const void *, void **, long unsigned int *, void *)'} but argument is of type 'herr_t (*)(const void *, void **, size_t *)' {aka 'int (*)(const void *, void **, long unsigned int *)'}
  141 |     H5P_prp_encode_func_t prp_encode, H5P_prp_decode_func_t prp_decode,
      |     ~~~~~~~~~~~~~~~~~~~~~~^~~~~~~~~~
hdf5/H5Pdapl.c:57:49: warning: passing argument 8 of 'H5P_register_real' from incompatible pointer type [-Wincompatible-pointer-types]
   57 | #define H5D_ACS_DATA_CACHE_BYTE_SIZE_ENC        H5P__encode_chunk_cache_nbytes
      |                                                 ^~~~~~~~~~~~~~~~~~~~~~~~~~~~~~
      |                                                 |
      |                                                 herr_t (*)(const void *, void **, size_t *) {aka int (*)(const void *, void **, long unsigned int *)}
hdf5/H5Pdapl.c:213:32: note: in expansion of macro 'H5D_ACS_DATA_CACHE_BYTE_SIZE_ENC'
  213 |              NULL, NULL, NULL, H5D_ACS_DATA_CACHE_BYTE_SIZE_ENC, H5D_ACS_DATA_CACHE_BYTE_SIZE_DEC, NULL, NULL, NULL, NULL) < 0)
      |                                ^~~~~~~~~~~~~~~~~~~~~~~~~~~~~~~~
In file included from hdf5/H5Pdapl.c:40:
hdf5/include/H5Ppkg.h:141:27: note: expected 'H5P_prp_encode_func_t' {aka 'int (*)(const void *, void **, long unsigned int *, void *)'} but argument is of type 'herr_t (*)(const void *, void **, size_t *)' {aka 'int (*)(const void *, void **, long unsigned int *)'}
  141 |     H5P_prp_encode_func_t prp_encode, H5P_prp_decode_func_t prp_decode,
      |     ~~~~~~~~~~~~~~~~~~~~~~^~~~~~~~~~
hdf5/H5Pdapl.c:79:49: warning: passing argument 8 of 'H5P_register_real' from incompatible pointer type [-Wincompatible-pointer-types]
   79 | #define H5D_ACS_VDS_PREFIX_ENC                  H5P__dapl_vds_file_pref_enc
      |                                                 ^~~~~~~~~~~~~~~~~~~~~~~~~~~
      |                                                 |
      |                                                 herr_t (*)(const void *, void **, size_t *) {aka int (*)(const void *, void **, long unsigned int *)}
hdf5/H5Pdapl.c:235:67: note: in expansion of macro 'H5D_ACS_VDS_PREFIX_ENC'
  235 |             NULL, H5D_ACS_VDS_PREFIX_SET, H5D_ACS_VDS_PREFIX_GET, H5D_ACS_VDS_PREFIX_ENC, H5D_ACS_VDS_PREFIX_DEC,
      |                                                                   ^~~~~~~~~~~~~~~~~~~~~~
In file included from hdf5/H5Pdapl.c:40:
hdf5/include/H5Ppkg.h:141:27: note: expected 'H5P_prp_encode_func_t' {aka 'int (*)(const void *, void **, long unsigned int *, void *)'} but argument is of type 'herr_t (*)(const void *, void **, size_t *)' {aka 'int (*)(const void *, void **, long unsigned int *)'}
  141 |     H5P_prp_encode_func_t prp_encode, H5P_prp_decode_func_t prp_decode,
      |     ~~~~~~~~~~~~~~~~~~~~~~^~~~~~~~~~
In file included from hdf5/H5Pdapl.c:35:
hdf5/H5Pdapl.c: In function 'H5Pget_efile_prefix':
hdf5/include/H5private.h:1374:31: warning: 'strncpy' specified bound depends on the length of the source argument [-Wstringop-overflow=]
 1374 |     #define HDstrncpy(X,Y,Z)  strncpy(X,Y,Z)
      |                               ^~~~~~~~~~~~~~
hdf5/H5Pdapl.c:1482:13: note: in expansion of macro 'HDstrncpy'
 1482 |             HDstrncpy(prefix, my_prefix, MIN(len + 1, size));
      |             ^~~~~~~~~
hdf5/include/H5private.h:1365:28: note: length computed here
 1365 |     #define HDstrlen(S)    strlen(S)
      |                            ^~~~~~~~~
hdf5/H5Pdapl.c:1480:15: note: in expansion of macro 'HDstrlen'
 1480 |         len = HDstrlen(my_prefix);
      |               ^~~~~~~~
hdf5/H5Pdapl.c: In function 'H5Pget_virtual_prefix':
hdf5/include/H5private.h:1374:31: warning: 'strncpy' specified bound depends on the length of the source argument [-Wstringop-overflow=]
 1374 |     #define HDstrncpy(X,Y,Z)  strncpy(X,Y,Z)
      |                               ^~~~~~~~~~~~~~
hdf5/H5Pdapl.c:1574:13: note: in expansion of macro 'HDstrncpy'
 1574 |             HDstrncpy(prefix, my_prefix, MIN(len + 1, size));
      |             ^~~~~~~~~
hdf5/include/H5private.h:1365:28: note: length computed here
 1365 |     #define HDstrlen(S)    strlen(S)
      |                            ^~~~~~~~~
hdf5/H5Pdapl.c:1572:15: note: in expansion of macro 'HDstrlen'
 1572 |         len = HDstrlen(my_prefix);
      |               ^~~~~~~~
mpicc -c -o hdf5/H5Pgcpl.o -DSPEC -DNDEBUG  -Ihdf5/include -Ilibz/include -DNDEBUG  -Ofast -lm                 hdf5/H5Pgcpl.c
mpicc -c -o hdf5/H5Pf.o -DSPEC -DNDEBUG  -Ihdf5/include -Ilibz/include -DNDEBUG  -Ofast -lm                 hdf5/H5Pf.c
mpicc -c -o hdf5/H5Pdxpl.o -DSPEC -DNDEBUG  -Ihdf5/include -Ilibz/include -DNDEBUG  -Ofast -lm                 hdf5/H5Pdxpl.c
In file included from hdf5/H5Pdxpl.c:35:
hdf5/H5Pdxpl.c: In function 'H5Pget_data_transform':
hdf5/include/H5private.h:1374:31: warning: 'strncpy' specified bound depends on the length of the source argument [-Wstringop-overflow=]
 1374 |     #define HDstrncpy(X,Y,Z)  strncpy(X,Y,Z)
      |                               ^~~~~~~~~~~~~~
hdf5/H5Pdxpl.c:1019:2: note: in expansion of macro 'HDstrncpy'
 1019 |  HDstrncpy(expression, pexp, MIN(len + 1, size));
      |  ^~~~~~~~~
hdf5/include/H5private.h:1365:28: note: length computed here
 1365 |     #define HDstrlen(S)    strlen(S)
      |                            ^~~~~~~~~
hdf5/H5Pdxpl.c:1017:11: note: in expansion of macro 'HDstrlen'
 1017 |     len = HDstrlen(pexp);
      |           ^~~~~~~~
mpicc -c -o hdf5/H5Plapl.o -DSPEC -DNDEBUG  -Ihdf5/include -Ilibz/include -DNDEBUG  -Ofast -lm                 hdf5/H5Plapl.c
In file included from hdf5/H5Plapl.c:35:
hdf5/H5Plapl.c: In function 'H5Pget_elink_prefix':
hdf5/include/H5private.h:1374:31: warning: 'strncpy' specified bound depends on the length of the source argument [-Wstringop-overflow=]
 1374 |     #define HDstrncpy(X,Y,Z)  strncpy(X,Y,Z)
      |                               ^~~~~~~~~~~~~~
hdf5/H5Plapl.c:1063:13: note: in expansion of macro 'HDstrncpy'
 1063 |             HDstrncpy(prefix, my_prefix, MIN(len + 1, size));
      |             ^~~~~~~~~
hdf5/include/H5private.h:1365:28: note: length computed here
 1365 |     #define HDstrlen(S)    strlen(S)
      |                            ^~~~~~~~~
hdf5/H5Plapl.c:1061:15: note: in expansion of macro 'HDstrlen'
 1061 |         len = HDstrlen(my_prefix);
      |               ^~~~~~~~
mpicc -c -o hdf5/H5Pstrcpl.o -DSPEC -DNDEBUG  -Ihdf5/include -Ilibz/include -DNDEBUG  -Ofast -lm                 hdf5/H5Pstrcpl.c
mpicc -c -o hdf5/H5Ptest.o -DSPEC -DNDEBUG  -Ihdf5/include -Ilibz/include -DNDEBUG  -Ofast -lm                 hdf5/H5Ptest.c
mpicc -c -o hdf5/H5Pfcpl.o -DSPEC -DNDEBUG  -Ihdf5/include -Ilibz/include -DNDEBUG  -Ofast -lm                 hdf5/H5Pfcpl.c
mpicc -c -o hdf5/H5Pocpypl.o -DSPEC -DNDEBUG  -Ihdf5/include -Ilibz/include -DNDEBUG  -Ofast -lm                 hdf5/H5Pocpypl.c
hdf5/H5Pocpypl.c: In function 'H5P__ocpy_reg_prop':
hdf5/H5Pocpypl.c:59:48: warning: passing argument 8 of 'H5P_register_real' from incompatible pointer type [-Wincompatible-pointer-types]
   59 | #define H5O_CPY_MERGE_COMM_DT_LIST_ENC         H5P__ocpy_merge_comm_dt_list_enc
      |                                                ^~~~~~~~~~~~~~~~~~~~~~~~~~~~~~~~
      |                                                |
      |                                                herr_t (*)(const void *, void **, size_t *) {aka int (*)(const void *, void **, long unsigned int *)}
hdf5/H5Pocpypl.c:171:83: note: in expansion of macro 'H5O_CPY_MERGE_COMM_DT_LIST_ENC'
  171 |             NULL, H5O_CPY_MERGE_COMM_DT_LIST_SET, H5O_CPY_MERGE_COMM_DT_LIST_GET, H5O_CPY_MERGE_COMM_DT_LIST_ENC, H5O_CPY_MERGE_COMM_DT_LIST_DEC,
      |                                                                                   ^~~~~~~~~~~~~~~~~~~~~~~~~~~~~~
In file included from hdf5/H5Pocpypl.c:41:
hdf5/include/H5Ppkg.h:141:27: note: expected 'H5P_prp_encode_func_t' {aka 'int (*)(const void *, void **, long unsigned int *, void *)'} but argument is of type 'herr_t (*)(const void *, void **, size_t *)' {aka 'int (*)(const void *, void **, long unsigned int *)'}
  141 |     H5P_prp_encode_func_t prp_encode, H5P_prp_decode_func_t prp_decode,
      |     ~~~~~~~~~~~~~~~~~~~~~~^~~~~~~~~~
mpicc -c -o hdf5/H5RS.o -DSPEC -DNDEBUG  -Ihdf5/include -Ilibz/include -DNDEBUG  -Ofast -lm                 hdf5/H5RS.c
mpicc -c -o hdf5/H5Rf.o -DSPEC -DNDEBUG  -Ihdf5/include -Ilibz/include -DNDEBUG  -Ofast -lm                 hdf5/H5Rf.c
mpicc -c -o hdf5/H5Rdeprec.o -DSPEC -DNDEBUG  -Ihdf5/include -Ilibz/include -DNDEBUG  -Ofast -lm                 hdf5/H5Rdeprec.c
mpicc -c -o hdf5/H5R.o -DSPEC -DNDEBUG  -Ihdf5/include -Ilibz/include -DNDEBUG  -Ofast -lm                 hdf5/H5R.c
mpicc -c -o hdf5/H5Rint.o -DSPEC -DNDEBUG  -Ihdf5/include -Ilibz/include -DNDEBUG  -Ofast -lm                 hdf5/H5Rint.c
mpicc -c -o hdf5/H5SMbtree2.o -DSPEC -DNDEBUG  -Ihdf5/include -Ilibz/include -DNDEBUG  -Ofast -lm                 hdf5/H5SMbtree2.c
mpicc -c -o hdf5/H5SMcache.o -DSPEC -DNDEBUG  -Ihdf5/include -Ilibz/include -DNDEBUG  -Ofast -lm                 hdf5/H5SMcache.c
mpicc -c -o hdf5/H5Pocpl.o -DSPEC -DNDEBUG  -Ihdf5/include -Ilibz/include -DNDEBUG  -Ofast -lm                 hdf5/H5Pocpl.c
mpicc -c -o hdf5/H5SMtest.o -DSPEC -DNDEBUG  -Ihdf5/include -Ilibz/include -DNDEBUG  -Ofast -lm                 hdf5/H5SMtest.c
mpicc -c -o hdf5/H5SMmessage.o -DSPEC -DNDEBUG  -Ihdf5/include -Ilibz/include -DNDEBUG  -Ofast -lm                 hdf5/H5SMmessage.c
mpicc -c -o hdf5/H5Sdbg.o -DSPEC -DNDEBUG  -Ihdf5/include -Ilibz/include -DNDEBUG  -Ofast -lm                 hdf5/H5Sdbg.c
mpicc -c -o hdf5/H5Pdcpl.o -DSPEC -DNDEBUG  -Ihdf5/include -Ilibz/include -DNDEBUG  -Ofast -lm                 hdf5/H5Pdcpl.c
hdf5/H5Pdcpl.c: In function 'H5P_get_fill_value':
hdf5/H5Pdcpl.c:3362:54: warning: passing argument 1 of 'H5T_copy' discards 'const' qualifier from pointer target type [-Wdiscarded-qualifiers]
 3362 |     if((dst_id = H5I_register(H5I_DATATYPE, H5T_copy(type, H5T_COPY_TRANSIENT), FALSE)) < 0)
      |                                                      ^~~~
In file included from hdf5/include/H5Zprivate.h:28,
                 from hdf5/include/H5CXprivate.h:30,
                 from hdf5/H5Pdcpl.c:37:
hdf5/include/H5Tprivate.h:108:15: note: expected 'H5T_t *' {aka 'struct H5T_t *'} but argument is of type 'const H5T_t *' {aka 'const struct H5T_t *'}
  108 | H5_DLL H5T_t *H5T_copy(H5T_t *old_dt, H5T_copy_t method);
      |               ^~~~~~~~
mpicc -c -o hdf5/H5Sall.o -DSPEC -DNDEBUG  -Ihdf5/include -Ilibz/include -DNDEBUG  -Ofast -lm                 hdf5/H5Sall.c
mpicc -c -o hdf5/H5Pint.o -DSPEC -DNDEBUG  -Ihdf5/include -Ilibz/include -DNDEBUG  -Ofast -lm                 hdf5/H5Pint.c
mpicc -c -o hdf5/H5Sf.o -DSPEC -DNDEBUG  -Ihdf5/include -Ilibz/include -DNDEBUG  -Ofast -lm                 hdf5/H5Sf.c
mpicc -c -o hdf5/H5Snone.o -DSPEC -DNDEBUG  -Ihdf5/include -Ilibz/include -DNDEBUG  -Ofast -lm                 hdf5/H5Snone.c
mpicc -c -o hdf5/H5ST.o -DSPEC -DNDEBUG  -Ihdf5/include -Ilibz/include -DNDEBUG  -Ofast -lm                 hdf5/H5ST.c
mpicc -c -o hdf5/H5S.o -DSPEC -DNDEBUG  -Ihdf5/include -Ilibz/include -DNDEBUG  -Ofast -lm                 hdf5/H5S.c
mpicc -c -o hdf5/H5Stest.o -DSPEC -DNDEBUG  -Ihdf5/include -Ilibz/include -DNDEBUG  -Ofast -lm                 hdf5/H5Stest.c
mpicc -c -o hdf5/H5SM.o -DSPEC -DNDEBUG  -Ihdf5/include -Ilibz/include -DNDEBUG  -Ofast -lm                 hdf5/H5SM.c
mpicc -c -o hdf5/H5TS.o -DSPEC -DNDEBUG  -Ihdf5/include -Ilibz/include -DNDEBUG  -Ofast -lm                 hdf5/H5TS.c
mpicc -c -o hdf5/H5Smpio.o -DSPEC -DNDEBUG  -Ihdf5/include -Ilibz/include -DNDEBUG  -Ofast -lm                 hdf5/H5Smpio.c
mpicc -c -o hdf5/H5Pfapl.o -DSPEC -DNDEBUG  -Ihdf5/include -Ilibz/include -DNDEBUG  -Ofast -lm                 hdf5/H5Pfapl.c
hdf5/H5Pfapl.c: In function 'H5P__facc_reg_prop':
hdf5/H5Pfapl.c:148:45: warning: passing argument 8 of 'H5P_register_real' from incompatible pointer type [-Wincompatible-pointer-types]
  148 | #define H5F_ACS_LIBVER_LOW_BOUND_ENC        H5P__facc_libver_type_enc
      |                                             ^~~~~~~~~~~~~~~~~~~~~~~~~
      |                                             |
      |                                             herr_t (*)(const void *, void **, size_t *) {aka int (*)(const void *, void **, long unsigned int *)}
hdf5/H5Pfapl.c:521:31: note: in expansion of macro 'H5F_ACS_LIBVER_LOW_BOUND_ENC'
  521 |             NULL, NULL, NULL, H5F_ACS_LIBVER_LOW_BOUND_ENC, H5F_ACS_LIBVER_LOW_BOUND_DEC,
      |                               ^~~~~~~~~~~~~~~~~~~~~~~~~~~~
In file included from hdf5/H5Pfapl.c:41:
hdf5/include/H5Ppkg.h:141:27: note: expected 'H5P_prp_encode_func_t' {aka 'int (*)(const void *, void **, long unsigned int *, void *)'} but argument is of type 'herr_t (*)(const void *, void **, size_t *)' {aka 'int (*)(const void *, void **, long unsigned int *)'}
  141 |     H5P_prp_encode_func_t prp_encode, H5P_prp_decode_func_t prp_decode,
      |     ~~~~~~~~~~~~~~~~~~~~~~^~~~~~~~~~
hdf5/H5Pfapl.c:154:45: warning: passing argument 8 of 'H5P_register_real' from incompatible pointer type [-Wincompatible-pointer-types]
  154 | #define H5F_ACS_LIBVER_HIGH_BOUND_ENC       H5P__facc_libver_type_enc
      |                                             ^~~~~~~~~~~~~~~~~~~~~~~~~
      |                                             |
      |                                             herr_t (*)(const void *, void **, size_t *) {aka int (*)(const void *, void **, long unsigned int *)}
hdf5/H5Pfapl.c:527:31: note: in expansion of macro 'H5F_ACS_LIBVER_HIGH_BOUND_ENC'
  527 |             NULL, NULL, NULL, H5F_ACS_LIBVER_HIGH_BOUND_ENC, H5F_ACS_LIBVER_HIGH_BOUND_DEC,
      |                               ^~~~~~~~~~~~~~~~~~~~~~~~~~~~~
In file included from hdf5/H5Pfapl.c:41:
hdf5/include/H5Ppkg.h:141:27: note: expected 'H5P_prp_encode_func_t' {aka 'int (*)(const void *, void **, long unsigned int *, void *)'} but argument is of type 'herr_t (*)(const void *, void **, size_t *)' {aka 'int (*)(const void *, void **, long unsigned int *)'}
  141 |     H5P_prp_encode_func_t prp_encode, H5P_prp_decode_func_t prp_decode,
      |     ~~~~~~~~~~~~~~~~~~~~~~^~~~~~~~~~
mpicc -c -o hdf5/H5Spoint.o -DSPEC -DNDEBUG  -Ihdf5/include -Ilibz/include -DNDEBUG  -Ofast -lm                 hdf5/H5Spoint.c
mpicc -c -o hdf5/H5Tarray.o -DSPEC -DNDEBUG  -Ihdf5/include -Ilibz/include -DNDEBUG  -Ofast -lm                 hdf5/H5Tarray.c
mpicc -c -o hdf5/H5Tcset.o -DSPEC -DNDEBUG  -Ihdf5/include -Ilibz/include -DNDEBUG  -Ofast -lm                 hdf5/H5Tcset.c
mpicc -c -o hdf5/H5Tbit.o -DSPEC -DNDEBUG  -Ihdf5/include -Ilibz/include -DNDEBUG  -Ofast -lm                 hdf5/H5Tbit.c
mpicc -c -o hdf5/H5Tcompound.o -DSPEC -DNDEBUG  -Ihdf5/include -Ilibz/include -DNDEBUG  -Ofast -lm                 hdf5/H5Tcompound.c
hdf5/H5Tcompound.c: In function 'H5T__insert':
hdf5/H5Tcompound.c:464:56: warning: passing argument 1 of 'H5T_copy' discards 'const' qualifier from pointer target type [-Wdiscarded-qualifiers]
  464 |     parent->shared->u.compnd.memb[idx].type = H5T_copy(member, H5T_COPY_ALL);
      |                                                        ^~~~~~
In file included from hdf5/include/H5Zprivate.h:28,
                 from hdf5/include/H5CXprivate.h:30,
                 from hdf5/H5Tcompound.c:30:
hdf5/include/H5Tprivate.h:108:15: note: expected 'H5T_t *' {aka 'struct H5T_t *'} but argument is of type 'const H5T_t *' {aka 'const struct H5T_t *'}
  108 | H5_DLL H5T_t *H5T_copy(H5T_t *old_dt, H5T_copy_t method);
      |               ^~~~~~~~
mpicc -c -o hdf5/H5Sselect.o -DSPEC -DNDEBUG  -Ihdf5/include -Ilibz/include -DNDEBUG  -Ofast -lm                 hdf5/H5Sselect.c
mpicc -c -o hdf5/H5Tdbg.o -DSPEC -DNDEBUG  -Ihdf5/include -Ilibz/include -DNDEBUG  -Ofast -lm                 hdf5/H5Tdbg.c
mpicc -c -o hdf5/H5Tcommit.o -DSPEC -DNDEBUG  -Ihdf5/include -Ilibz/include -DNDEBUG  -Ofast -lm                 hdf5/H5Tcommit.c
mpicc -c -o hdf5/H5Tdeprec.o -DSPEC -DNDEBUG  -Ihdf5/include -Ilibz/include -DNDEBUG  -Ofast -lm                 hdf5/H5Tdeprec.c
mpicc -c -o hdf5/H5Tfixed.o -DSPEC -DNDEBUG  -Ihdf5/include -Ilibz/include -DNDEBUG  -Ofast -lm                 hdf5/H5Tfixed.c
mpicc -c -o hdf5/H5Tfields.o -DSPEC -DNDEBUG  -Ihdf5/include -Ilibz/include -DNDEBUG  -Ofast -lm                 hdf5/H5Tfields.c
mpicc -c -o hdf5/H5Tenum.o -DSPEC -DNDEBUG  -Ihdf5/include -Ilibz/include -DNDEBUG  -Ofast -lm                 hdf5/H5Tenum.c
hdf5/H5Tenum.c: In function 'H5T__enum_create':
hdf5/H5Tenum.c:111:42: warning: passing argument 1 of 'H5T_copy' discards 'const' qualifier from pointer target type [-Wdiscarded-qualifiers]
  111 |     ret_value->shared->parent = H5T_copy(parent, H5T_COPY_ALL);
      |                                          ^~~~~~
In file included from hdf5/include/H5Tpkg.h:37,
                 from hdf5/H5Tenum.c:26:
hdf5/include/H5Tprivate.h:108:15: note: expected 'H5T_t *' {aka 'struct H5T_t *'} but argument is of type 'const H5T_t *' {aka 'const struct H5T_t *'}
  108 | H5_DLL H5T_t *H5T_copy(H5T_t *old_dt, H5T_copy_t method);
      |               ^~~~~~~~
hdf5/H5Tenum.c: In function 'H5T_enum_nameof':
hdf5/H5Tenum.c:412:38: warning: passing argument 1 of 'H5T_copy' discards 'const' qualifier from pointer target type [-Wdiscarded-qualifiers]
  412 |     if(NULL == (copied_dt = H5T_copy(dt, H5T_COPY_ALL)))
      |                                      ^~
In file included from hdf5/include/H5Tpkg.h:37,
                 from hdf5/H5Tenum.c:26:
hdf5/include/H5Tprivate.h:108:15: note: expected 'H5T_t *' {aka 'struct H5T_t *'} but argument is of type 'const H5T_t *' {aka 'const struct H5T_t *'}
  108 | H5_DLL H5T_t *H5T_copy(H5T_t *old_dt, H5T_copy_t method);
      |               ^~~~~~~~
hdf5/H5Tenum.c: In function 'H5T_enum_valueof':
hdf5/H5Tenum.c:551:35: warning: passing argument 1 of 'H5T_copy' discards 'const' qualifier from pointer target type [-Wdiscarded-qualifiers]
  551 |     if (NULL==(copied_dt=H5T_copy(dt, H5T_COPY_ALL)))
      |                                   ^~
In file included from hdf5/include/H5Tpkg.h:37,
                 from hdf5/H5Tenum.c:26:
hdf5/include/H5Tprivate.h:108:15: note: expected 'H5T_t *' {aka 'struct H5T_t *'} but argument is of type 'const H5T_t *' {aka 'const struct H5T_t *'}
  108 | H5_DLL H5T_t *H5T_copy(H5T_t *old_dt, H5T_copy_t method);
      |               ^~~~~~~~
mpicc -c -o hdf5/H5Tf.o -DSPEC -DNDEBUG  -Ihdf5/include -Ilibz/include -DNDEBUG  -Ofast -lm                 hdf5/H5Tf.c
mpicc -c -o hdf5/H5Tfloat.o -DSPEC -DNDEBUG  -Ihdf5/include -Ilibz/include -DNDEBUG  -Ofast -lm                 hdf5/H5Tfloat.c
mpicc -c -o hdf5/H5Toh.o -DSPEC -DNDEBUG  -Ihdf5/include -Ilibz/include -DNDEBUG  -Ofast -lm                 hdf5/H5Toh.c
mpicc -c -o hdf5/H5Toffset.o -DSPEC -DNDEBUG  -Ihdf5/include -Ilibz/include -DNDEBUG  -Ofast -lm                 hdf5/H5Toffset.c
mpicc -c -o hdf5/H5Tinit.o -DSPEC -DNDEBUG  -Ihdf5/include -Ilibz/include -DNDEBUG  -Ofast -lm                 hdf5/H5Tinit.c
mpicc -c -o hdf5/H5Topaque.o -DSPEC -DNDEBUG  -Ihdf5/include -Ilibz/include -DNDEBUG  -Ofast -lm                 hdf5/H5Topaque.c
mpicc -c -o hdf5/H5Torder.o -DSPEC -DNDEBUG  -Ihdf5/include -Ilibz/include -DNDEBUG  -Ofast -lm                 hdf5/H5Torder.c
mpicc -c -o hdf5/H5Tpad.o -DSPEC -DNDEBUG  -Ihdf5/include -Ilibz/include -DNDEBUG  -Ofast -lm                 hdf5/H5Tpad.c
mpicc -c -o hdf5/H5Tvisit.o -DSPEC -DNDEBUG  -Ihdf5/include -Ilibz/include -DNDEBUG  -Ofast -lm                 hdf5/H5Tvisit.c
mpicc -c -o hdf5/H5Tstrpad.o -DSPEC -DNDEBUG  -Ihdf5/include -Ilibz/include -DNDEBUG  -Ofast -lm                 hdf5/H5Tstrpad.c
mpicc -c -o hdf5/H5Tprecis.o -DSPEC -DNDEBUG  -Ihdf5/include -Ilibz/include -DNDEBUG  -Ofast -lm                 hdf5/H5Tprecis.c
mpicc -c -o hdf5/H5Tnative.o -DSPEC -DNDEBUG  -Ihdf5/include -Ilibz/include -DNDEBUG  -Ofast -lm                 hdf5/H5Tnative.c
mpicc -c -o hdf5/H5UC.o -DSPEC -DNDEBUG  -Ihdf5/include -Ilibz/include -DNDEBUG  -Ofast -lm                 hdf5/H5UC.c
mpicc -c -o hdf5/H5WB.o -DSPEC -DNDEBUG  -Ihdf5/include -Ilibz/include -DNDEBUG  -Ofast -lm                 hdf5/H5WB.c
mpicc -c -o hdf5/H5Zdeflate.o -DSPEC -DNDEBUG  -Ihdf5/include -Ilibz/include -DNDEBUG  -Ofast -lm                 hdf5/H5Zdeflate.c
mpicc -c -o hdf5/H5Zf.o -DSPEC -DNDEBUG  -Ihdf5/include -Ilibz/include -DNDEBUG  -Ofast -lm                 hdf5/H5Zf.c
mpicc -c -o hdf5/H5Zfletcher32.o -DSPEC -DNDEBUG  -Ihdf5/include -Ilibz/include -DNDEBUG  -Ofast -lm                 hdf5/H5Zfletcher32.c
mpicc -c -o hdf5/H5Tvlen.o -DSPEC -DNDEBUG  -Ihdf5/include -Ilibz/include -DNDEBUG  -Ofast -lm                 hdf5/H5Tvlen.c
hdf5/H5Tvlen.c: In function 'H5T__vlen_create':
hdf5/H5Tvlen.c:135:47: warning: passing argument 1 of 'H5T_copy' discards 'const' qualifier from pointer target type [-Wdiscarded-qualifiers]
  135 |     if(NULL == (dt->shared->parent = H5T_copy(base, H5T_COPY_ALL)))
      |                                               ^~~~
In file included from hdf5/include/H5Zprivate.h:28,
                 from hdf5/include/H5CXprivate.h:30,
                 from hdf5/H5Tvlen.c:23:
hdf5/include/H5Tprivate.h:108:15: note: expected 'H5T_t *' {aka 'struct H5T_t *'} but argument is of type 'const H5T_t *' {aka 'const struct H5T_t *'}
  108 | H5_DLL H5T_t *H5T_copy(H5T_t *old_dt, H5T_copy_t method);
      |               ^~~~~~~~
mpicc -c -o hdf5/H5VM.o -DSPEC -DNDEBUG  -Ihdf5/include -Ilibz/include -DNDEBUG  -Ofast -lm                 hdf5/H5VM.c
mpicc -c -o hdf5/H5Zshuffle.o -DSPEC -DNDEBUG  -Ihdf5/include -Ilibz/include -DNDEBUG  -Ofast -lm                 hdf5/H5Zshuffle.c
mpicc -c -o hdf5/H5checksum.o -DSPEC -DNDEBUG  -Ihdf5/include -Ilibz/include -DNDEBUG  -Ofast -lm                 hdf5/H5checksum.c
mpicc -c -o hdf5/H5Z.o -DSPEC -DNDEBUG  -Ihdf5/include -Ilibz/include -DNDEBUG  -Ofast -lm                 hdf5/H5Z.c
mpicc -c -o hdf5/H5_f.o -DSPEC -DNDEBUG  -Ihdf5/include -Ilibz/include -DNDEBUG  -Ofast -lm                 hdf5/H5_f.c
mpicc -c -o hdf5/H5dbg.o -DSPEC -DNDEBUG  -Ihdf5/include -Ilibz/include -DNDEBUG  -Ofast -lm                 hdf5/H5dbg.c
mpicc -c -o hdf5/H5Znbit.o -DSPEC -DNDEBUG  -Ihdf5/include -Ilibz/include -DNDEBUG  -Ofast -lm                 hdf5/H5Znbit.c
mpicc -c -o hdf5/H5f90kit.o -DSPEC -DNDEBUG  -Ihdf5/include -Ilibz/include -DNDEBUG  -Ofast -lm                 hdf5/H5f90kit.c
mpicc -c -o hdf5/H5timer.o -DSPEC -DNDEBUG  -Ihdf5/include -Ilibz/include -DNDEBUG  -Ofast -lm                 hdf5/H5timer.c
mpicc -c -o hdf5/H5system.o -DSPEC -DNDEBUG  -Ihdf5/include -Ilibz/include -DNDEBUG  -Ofast -lm                 hdf5/H5system.c
In file included from hdf5/H5system.c:33:
hdf5/H5system.c: In function 'H5_build_extpath':
hdf5/include/H5private.h:1368:31: warning: 'strncat' specified bound 1 equals source length [-Wstringop-overflow=]
 1368 |     #define HDstrncat(X,Y,Z)  strncat(X,Y,Z)
      |                               ^~~~~~~~~~~~~~
hdf5/H5system.c:1080:17: note: in expansion of macro 'HDstrncat'
 1080 |                 HDstrncat(full_path, H5_DIR_SEPS, HDstrlen(H5_DIR_SEPS));
      |                 ^~~~~~~~~
hdf5/include/H5private.h:1368:31: warning: 'strncat' specified bound depends on the length of the source argument [-Wstringop-overflow=]
 1368 |     #define HDstrncat(X,Y,Z)  strncat(X,Y,Z)
      |                               ^~~~~~~~~~~~~~
hdf5/H5system.c:1081:13: note: in expansion of macro 'HDstrncat'
 1081 |             HDstrncat(full_path, new_name, HDstrlen(new_name));
      |             ^~~~~~~~~
mpicc -c -o hdf5/H5DO.o -DSPEC -DNDEBUG  -Ihdf5/include -Ilibz/include -DNDEBUG  -Ofast -lm                 hdf5/H5DO.c
mpicc -c -o hdf5/H5T.o -DSPEC -DNDEBUG  -Ihdf5/include -Ilibz/include -DNDEBUG  -Ofast -lm                 hdf5/H5T.c
hdf5/H5T.c: In function 'H5T__path_find_real':
hdf5/H5T.c:4681:42: warning: passing argument 1 of 'H5T_copy' discards 'const' qualifier from pointer target type [-Wdiscarded-qualifiers]
 4681 |         if(NULL == (path->src = H5T_copy(src, H5T_COPY_ALL)))
      |                                          ^~~
hdf5/H5T.c:3213:17: note: expected 'H5T_t *' {aka 'struct H5T_t *'} but argument is of type 'const H5T_t *' {aka 'const struct H5T_t *'}
 3213 | H5T_copy(H5T_t *old_dt, H5T_copy_t method)
      |          ~~~~~~~^~~~~~
hdf5/H5T.c:4683:42: warning: passing argument 1 of 'H5T_copy' discards 'const' qualifier from pointer target type [-Wdiscarded-qualifiers]
 4683 |         if(NULL == (path->dst = H5T_copy(dst, H5T_COPY_ALL)))
      |                                          ^~~
hdf5/H5T.c:3213:17: note: expected 'H5T_t *' {aka 'struct H5T_t *'} but argument is of type 'const H5T_t *' {aka 'const struct H5T_t *'}
 3213 | H5T_copy(H5T_t *old_dt, H5T_copy_t method)
      |          ~~~~~~~^~~~~~
mpicc -c -o hdf5/H5IM.o -DSPEC -DNDEBUG  -Ihdf5/include -Ilibz/include -DNDEBUG  -Ofast -lm                 hdf5/H5IM.c
mpicc -c -o hdf5/H5LD.o -DSPEC -DNDEBUG  -Ihdf5/include -Ilibz/include -DNDEBUG  -Ofast -lm                 hdf5/H5LD.c
mpicc -c -o hdf5/H5DS.o -DSPEC -DNDEBUG  -Ihdf5/include -Ilibz/include -DNDEBUG  -Ofast -lm                 hdf5/H5DS.c
mpicc -c -o hdf5/H5SL.o -DSPEC -DNDEBUG  -Ihdf5/include -Ilibz/include -DNDEBUG  -Ofast -lm                 hdf5/H5SL.c
mpicc -c -o hdf5/H5LTparse.o -DSPEC -DNDEBUG  -Ihdf5/include -Ilibz/include -DNDEBUG  -Ofast -lm                 hdf5/H5LTparse.c
mpicc -c -o hdf5/H5PT.o -DSPEC -DNDEBUG  -Ihdf5/include -Ilibz/include -DNDEBUG  -Ofast -lm                 hdf5/H5PT.c
mpicc -c -o hdf5/H5DSfc.o -DSPEC -DNDEBUG  -Ihdf5/include -Ilibz/include -DNDEBUG  -Ofast -lm                 hdf5/H5DSfc.c
mpicc -c -o hdf5/H5LTanalyze.o -DSPEC -DNDEBUG  -Ihdf5/include -Ilibz/include -DNDEBUG  -Ofast -lm                 hdf5/H5LTanalyze.c
/lustre/SPEChpc/bin/specperl /lustre/SPEChpc/bin/harness/specpp -DSPEC -DNDEBUG -Ihdf5 -Ihdf5/include -DNDEBUG hdf5/H5IMff.F90 -o hdf5/H5IMff.fppized.f90
mpicc -c -o hdf5/H5IMcc.o -DSPEC -DNDEBUG  -Ihdf5/include -Ilibz/include -DNDEBUG  -Ofast -lm                 hdf5/H5IMcc.c
mpicc -c -o hdf5/H5IMfc.o -DSPEC -DNDEBUG  -Ihdf5/include -Ilibz/include -DNDEBUG  -Ofast -lm                 hdf5/H5IMfc.c
mpicc -c -o hdf5/H5LT.o -DSPEC -DNDEBUG  -Ihdf5/include -Ilibz/include -DNDEBUG  -Ofast -lm                 hdf5/H5LT.c
/lustre/SPEChpc/bin/specperl /lustre/SPEChpc/bin/harness/specpp -DSPEC -DNDEBUG -Ihdf5 -Ihdf5/include -DNDEBUG hdf5/H5LTff.F90 -o hdf5/H5LTff.fppized.f90
/lustre/SPEChpc/bin/specperl /lustre/SPEChpc/bin/harness/specpp -DSPEC -DNDEBUG -Ihdf5 -Ihdf5/include -DNDEBUG hdf5/H5TBff.F90 -o hdf5/H5TBff.fppized.f90
mpicc -c -o hdf5/H5LTfc.o -DSPEC -DNDEBUG  -Ihdf5/include -Ilibz/include -DNDEBUG  -Ofast -lm                 hdf5/H5LTfc.c
mpicc -c -o hdf5/H5trace.o -DSPEC -DNDEBUG  -Ihdf5/include -Ilibz/include -DNDEBUG  -Ofast -lm                 hdf5/H5trace.c
mpicc -c -o libz/adler32.o -DSPEC -DNDEBUG  -Ihdf5/include -Ilibz/include -DNDEBUG  -Ofast -lm                 libz/adler32.c
mpicc -c -o hdf5/H5TBfc.o -DSPEC -DNDEBUG  -Ihdf5/include -Ilibz/include -DNDEBUG  -Ofast -lm                 hdf5/H5TBfc.c
mpicc -c -o libz/crc32.o -DSPEC -DNDEBUG  -Ihdf5/include -Ilibz/include -DNDEBUG  -Ofast -lm                 libz/crc32.c
mpicc -c -o hdf5/H5Zscaleoffset.o -DSPEC -DNDEBUG  -Ihdf5/include -Ilibz/include -DNDEBUG  -Ofast -lm                 hdf5/H5Zscaleoffset.c
mpicc -c -o hdf5/H5Shyper.o -DSPEC -DNDEBUG  -Ihdf5/include -Ilibz/include -DNDEBUG  -Ofast -lm                 hdf5/H5Shyper.c
mpicc -c -o libz/zutil.o -DSPEC -DNDEBUG  -Ihdf5/include -Ilibz/include -DNDEBUG  -Ofast -lm                 libz/zutil.c
mpicc -c -o libz/inffast.o -DSPEC -DNDEBUG  -Ihdf5/include -Ilibz/include -DNDEBUG  -Ofast -lm                 libz/inffast.c
mpicc -c -o hdf5/H5TB.o -DSPEC -DNDEBUG  -Ihdf5/include -Ilibz/include -DNDEBUG  -Ofast -lm                 hdf5/H5TB.c
mpicc -c -o libz/infback.o -DSPEC -DNDEBUG  -Ihdf5/include -Ilibz/include -DNDEBUG  -Ofast -lm                 libz/infback.c
mpicc -c -o libz/compress.o -DSPEC -DNDEBUG  -Ihdf5/include -Ilibz/include -DNDEBUG  -Ofast -lm                 libz/compress.c
mpicc -c -o libz/inftrees.o -DSPEC -DNDEBUG  -Ihdf5/include -Ilibz/include -DNDEBUG  -Ofast -lm                 libz/inftrees.c
mpicc -c -o libz/uncompr.o -DSPEC -DNDEBUG  -Ihdf5/include -Ilibz/include -DNDEBUG  -Ofast -lm                 libz/uncompr.c
mpicc -c -o libz/gzclose.o -DSPEC -DNDEBUG  -Ihdf5/include -Ilibz/include -DNDEBUG  -Ofast -lm                 libz/gzclose.c
mpifort -c -o number_types.fppized.o -Ofast number_types.fppized.f90
mpicc -c -o libz/gzlib.o -DSPEC -DNDEBUG  -Ihdf5/include -Ilibz/include -DNDEBUG  -Ofast -lm                 libz/gzlib.c
mpifort -c -o hdf5/H5fortran_types.fppized.o -Ofast hdf5/H5fortran_types.fppized.f90
mpifort -c -o hdf5/H5fortkit.fppized.o -Ofast hdf5/H5fortkit.fppized.f90
mpicc -c -o libz/gzread.o -DSPEC -DNDEBUG  -Ihdf5/include -Ilibz/include -DNDEBUG  -Ofast -lm                 libz/gzread.c
mpicc -c -o libz/gzwrite.o -DSPEC -DNDEBUG  -Ihdf5/include -Ilibz/include -DNDEBUG  -Ofast -lm                 libz/gzwrite.c
mpicc -c -o libz/trees.o -DSPEC -DNDEBUG  -Ihdf5/include -Ilibz/include -DNDEBUG  -Ofast -lm                 libz/trees.c
mpifort -c -o hdf5/H5f90global.fppized.o -Ofast hdf5/H5f90global.fppized.f90
mpifort -c -o hdf5/H5Eff.fppized.o -Ofast hdf5/H5Eff.fppized.f90
mpifort -c -o hdf5/H5Iff.fppized.o -Ofast hdf5/H5Iff.fppized.f90
mpifort -c -o hdf5/H5Fff.fppized.o -Ofast hdf5/H5Fff.fppized.f90
mpifort -c -o hdf5/H5Gff.fppized.o -Ofast hdf5/H5Gff.fppized.f90
mpifort -c -o hdf5/H5Aff.fppized.o -Ofast hdf5/H5Aff.fppized.f90
mpifort -c -o hdf5/H5Lff.fppized.o -Ofast hdf5/H5Lff.fppized.f90
mpifort -c -o hdf5/H5Rff.fppized.o -Ofast hdf5/H5Rff.fppized.f90
mpifort -c -o hdf5/H5Off.fppized.o -Ofast hdf5/H5Off.fppized.f90
mpicc -c -o libz/inflate.o -DSPEC -DNDEBUG  -Ihdf5/include -Ilibz/include -DNDEBUG  -Ofast -lm                 libz/inflate.c
mpifort -c -o hdf5/H5Dff.fppized.o -Ofast hdf5/H5Dff.fppized.f90
mpicc -c -o libz/deflate.o -DSPEC -DNDEBUG  -Ihdf5/include -Ilibz/include -DNDEBUG  -Ofast -lm                 libz/deflate.c
mpifort -c -o hdf5/H5Zff.fppized.o -Ofast hdf5/H5Zff.fppized.f90
mpifort -c -o hdf5/H5Tff.fppized.o -Ofast hdf5/H5Tff.fppized.f90
mpifort -c -o hdf5/H5Sff.fppized.o -Ofast hdf5/H5Sff.fppized.f90
mpifort -c -o hdf5/H5_ff.fppized.o -Ofast hdf5/H5_ff.fppized.f90
mpifort -c -o hdf5/H5Pff.fppized.o -Ofast hdf5/H5Pff.fppized.f90
mpicc -c -o hdf5/H5Ztrans.o -DSPEC -DNDEBUG  -Ihdf5/include -Ilibz/include -DNDEBUG  -Ofast -lm                 hdf5/H5Ztrans.c
mpifort -c -o hdf5/H5_gen.fppized.o -Ofast hdf5/H5_gen.fppized.f90
mpifort -c -o hdf5/HDF5.fppized.o -Ofast hdf5/HDF5.fppized.f90
mpifort -c -o zm_sds_modules.fppized.o -Ofast zm_sds_modules.fppized.f90
mpifort -c -o zm_parse_modules.fppized.o -Ofast zm_parse_modules.fppized.f90
mpifort -c -o hdf5/H5DSff.fppized.o -Ofast hdf5/H5DSff.fppized.f90
mpifort -c -o hdf5/H5IMff.fppized.o -Ofast hdf5/H5IMff.fppized.f90
mpifort -c -o hdf5/H5TBff.fppized.o -Ofast hdf5/H5TBff.fppized.f90
mpifort -c -o hdf5/H5LTff.fppized.o -Ofast hdf5/H5LTff.fppized.f90
mpifort -c -o zm_sds.fppized.o -Ofast zm_sds.fppized.f90
mpifort -c -o zm_parse.fppized.o -Ofast zm_parse.fppized.f90
mpifort -c -o pot3d.fppized.o -Ofast pot3d.fppized.f90
pot3d.fppized.f90:282:10:

  282 |       use mpi
      |          1
Fatal Error: Cannot read module file 'mpi.mod' opened at (1), because it was created by a different version of GNU Fortran
compilation terminated.
specmake: *** [/lustre/SPEChpc/benchspec/Makefile.defaults:406: pot3d.fppized.o] Error 1
specmake: *** Waiting for unfinished jobs....
mpicc -c -o hdf5/H5Tconv.o -DSPEC -DNDEBUG  -Ihdf5/include -Ilibz/include -DNDEBUG  -Ofast -lm                 hdf5/H5Tconv.c
Error with make 'specmake --output-sync -j 10 build':

  ----------------------------------------------------------------------------
  Please review this file:
    "/home/sam/g3_spec_results/tiny/tiny_gnu_64/benchspec/HPC/528.pot3d_t/build/build_base_aws_mpi.0000/make.out"
  ----------------------------------------------------------------------------

  Command returned exit code 2
  Error with make!
*** Error building 528.pot3d_t base
If you wish to ignore this error, please use '-I' or ignore errors.

The log for this run is in /home/sam/g3_spec_results/tiny/tiny_gnu_64/result/hpc2021.010.log
The debug log for this run is in /home/sam/g3_spec_results/tiny/tiny_gnu_64/result/hpc2021.010.log.debug

*
* Temporary files were NOT deleted; keeping temporaries such as
* /home/sam/g3_spec_results/tiny/tiny_gnu_64/result/hpc2021.010.log.debug
* (These may be large!)
*
runhpc finished at 2022-07-27 13:05:14; 27 total seconds elapsed
