SPEC HPC(r) 2021 Benchmark Suites
Copyright 1995-2021 Standard Performance Evaluation Corporation (SPEC)

runhpc v.unknown
Using 'linux-aarch64' tools
Reading file manifests... read 14938 entries from 2 files in 0.05s (323236 files/s)
Loading runhpc modules.................
Locating benchmarks...found 31 benchmarks in 5 benchsets.
Reading config file '/lustre/SPEChpc/config/aws_g3_gnu9.cfg'
Reading included config file '/lustre/SPEChpc/config/aws.inc'
WARNING: Duplicate setting for "node_compute_sw_os000" on line 28
         of /lustre/SPEChpc/config/aws_g3_gnu9.cfg
WARNING: Duplicate setting for "node_compute_sw_os001" on line 29
         of /lustre/SPEChpc/config/aws_g3_gnu9.cfg


1 configuration selected:

 Action    Run Mode   Workload     Report Type     Benchmarks
--------   --------   --------   ---------------   ----------------------------
validate   speed      ref        SPEChpc2021_tny   518.tealeaf_t               
-------------------------------------------------------------------------------

Benchmarks selected: 518.tealeaf_t
Compiling Binaries
  Building 518.tealeaf_t base aws_mpi: (build_base_aws_mpi.0000) [2022-08-16 11:09:19]
specmake --output-sync -j 10 clean
rm -rf *.o  tea.out
find . \( -name \*.o -o -name '*.fppized.f*' -o -name '*.i' -o -name '*.mod' \) -print | xargs rm -rf
rm -rf tealeaf
rm -rf tealeaf.exe
rm -rf core
specmake --output-sync -j 10 build
mpicc -c -o 2d/profiler.o -DSPEC -DNDEBUG  -I2d/drivers/ -I2d/c_kernels -Ofast -DENABLE_PROFILING         -lm         2d/profiler.c
mpicc -c -o 2d/chunk.o -DSPEC -DNDEBUG  -I2d/drivers/ -I2d/c_kernels -Ofast -DENABLE_PROFILING         -lm         2d/chunk.c
mpicc -c -o 2d/settings.o -DSPEC -DNDEBUG  -I2d/drivers/ -I2d/c_kernels -Ofast -DENABLE_PROFILING         -lm         2d/settings.c
mpicc -c -o 2d/comms.o -DSPEC -DNDEBUG  -I2d/drivers/ -I2d/c_kernels -Ofast -DENABLE_PROFILING         -lm         2d/comms.c
mpicc -c -o 2d/diffuse.o -DSPEC -DNDEBUG  -I2d/drivers/ -I2d/c_kernels -Ofast -DENABLE_PROFILING         -lm         2d/diffuse.c
mpicc -c -o 2d/main.o -DSPEC -DNDEBUG  -I2d/drivers/ -I2d/c_kernels -Ofast -DENABLE_PROFILING         -lm         2d/main.c
mpicc -c -o 2d/initialise.o -DSPEC -DNDEBUG  -I2d/drivers/ -I2d/c_kernels -Ofast -DENABLE_PROFILING         -lm         2d/initialise.c
mpicc -c -o 2d/drivers/cg_driver.o -DSPEC -DNDEBUG  -I2d/drivers/ -I2d/c_kernels -Ofast -DENABLE_PROFILING         -lm         2d/drivers/cg_driver.c
mpicc -c -o 2d/shared.o -DSPEC -DNDEBUG  -I2d/drivers/ -I2d/c_kernels -Ofast -DENABLE_PROFILING         -lm         2d/shared.c
mpicc -c -o 2d/drivers/halo_update_driver.o -DSPEC -DNDEBUG  -I2d/drivers/ -I2d/c_kernels -Ofast -DENABLE_PROFILING         -lm         2d/drivers/halo_update_driver.c
mpicc -c -o 2d/drivers/kernel_initialise_driver.o -DSPEC -DNDEBUG  -I2d/drivers/ -I2d/c_kernels -Ofast -DENABLE_PROFILING         -lm         2d/drivers/kernel_initialise_driver.c
mpicc -c -o 2d/drivers/cheby_driver.o -DSPEC -DNDEBUG  -I2d/drivers/ -I2d/c_kernels -Ofast -DENABLE_PROFILING         -lm         2d/drivers/cheby_driver.c
mpicc -c -o 2d/drivers/field_summary_driver.o -DSPEC -DNDEBUG  -I2d/drivers/ -I2d/c_kernels -Ofast -DENABLE_PROFILING         -lm         2d/drivers/field_summary_driver.c
mpicc -c -o 2d/drivers/jacobi_driver.o -DSPEC -DNDEBUG  -I2d/drivers/ -I2d/c_kernels -Ofast -DENABLE_PROFILING         -lm         2d/drivers/jacobi_driver.c
mpicc -c -o 2d/drivers/set_chunk_data_driver.o -DSPEC -DNDEBUG  -I2d/drivers/ -I2d/c_kernels -Ofast -DENABLE_PROFILING         -lm         2d/drivers/set_chunk_data_driver.c
mpicc -c -o 2d/drivers/eigenvalue_driver.o -DSPEC -DNDEBUG  -I2d/drivers/ -I2d/c_kernels -Ofast -DENABLE_PROFILING         -lm         2d/drivers/eigenvalue_driver.c
mpicc -c -o 2d/parse_config.o -DSPEC -DNDEBUG  -I2d/drivers/ -I2d/c_kernels -Ofast -DENABLE_PROFILING         -lm         2d/parse_config.c
mpicc -c -o 2d/drivers/ppcg_driver.o -DSPEC -DNDEBUG  -I2d/drivers/ -I2d/c_kernels -Ofast -DENABLE_PROFILING         -lm         2d/drivers/ppcg_driver.c
mpicc -c -o 2d/drivers/set_chunk_state_driver.o -DSPEC -DNDEBUG  -I2d/drivers/ -I2d/c_kernels -Ofast -DENABLE_PROFILING         -lm         2d/drivers/set_chunk_state_driver.c
mpicc -c -o 2d/drivers/store_energy_driver.o -DSPEC -DNDEBUG  -I2d/drivers/ -I2d/c_kernels -Ofast -DENABLE_PROFILING         -lm         2d/drivers/store_energy_driver.c
mpicc -c -o 2d/drivers/solve_finished_driver.o -DSPEC -DNDEBUG  -I2d/drivers/ -I2d/c_kernels -Ofast -DENABLE_PROFILING         -lm         2d/drivers/solve_finished_driver.c
mpicc -c -o 2d/c_kernels/field_summary.o -DSPEC -DNDEBUG  -I2d/drivers/ -I2d/c_kernels -Ofast -DENABLE_PROFILING         -lm         2d/c_kernels/field_summary.c
mpicc -c -o 2d/drivers/remote_halo_driver.o -DSPEC -DNDEBUG  -I2d/drivers/ -I2d/c_kernels -Ofast -DENABLE_PROFILING         -lm         2d/drivers/remote_halo_driver.c
mpicc -c -o 2d/c_kernels/cheby.o -DSPEC -DNDEBUG  -I2d/drivers/ -I2d/c_kernels -Ofast -DENABLE_PROFILING         -lm         2d/c_kernels/cheby.c
mpicc -c -o 2d/c_kernels/kernel_interface.o -DSPEC -DNDEBUG  -I2d/drivers/ -I2d/c_kernels -Ofast -DENABLE_PROFILING         -lm         2d/c_kernels/kernel_interface.c
mpicc -c -o 2d/c_kernels/ppcg.o -DSPEC -DNDEBUG  -I2d/drivers/ -I2d/c_kernels -Ofast -DENABLE_PROFILING         -lm         2d/c_kernels/ppcg.c
mpicc -c -o 2d/c_kernels/cg.o -DSPEC -DNDEBUG  -I2d/drivers/ -I2d/c_kernels -Ofast -DENABLE_PROFILING         -lm         2d/c_kernels/cg.c
mpicc -c -o 2d/c_kernels/jacobi.o -DSPEC -DNDEBUG  -I2d/drivers/ -I2d/c_kernels -Ofast -DENABLE_PROFILING         -lm         2d/c_kernels/jacobi.c
mpicc -c -o 2d/c_kernels/set_chunk_data.o -DSPEC -DNDEBUG  -I2d/drivers/ -I2d/c_kernels -Ofast -DENABLE_PROFILING         -lm         2d/c_kernels/set_chunk_data.c
mpicc -c -o 2d/c_kernels/local_halos.o -DSPEC -DNDEBUG  -I2d/drivers/ -I2d/c_kernels -Ofast -DENABLE_PROFILING         -lm         2d/c_kernels/local_halos.c
mpicc -c -o 2d/c_kernels/store_energy.o -DSPEC -DNDEBUG  -I2d/drivers/ -I2d/c_kernels -Ofast -DENABLE_PROFILING         -lm         2d/c_kernels/store_energy.c
mpicc -c -o 2d/c_kernels/pack_halos.o -DSPEC -DNDEBUG  -I2d/drivers/ -I2d/c_kernels -Ofast -DENABLE_PROFILING         -lm         2d/c_kernels/pack_halos.c
mpicc -c -o 2d/c_kernels/set_chunk_state.o -DSPEC -DNDEBUG  -I2d/drivers/ -I2d/c_kernels -Ofast -DENABLE_PROFILING         -lm         2d/c_kernels/set_chunk_state.c
mpicc -c -o 2d/c_kernels/kernel_initialise.o -DSPEC -DNDEBUG  -I2d/drivers/ -I2d/c_kernels -Ofast -DENABLE_PROFILING         -lm         2d/c_kernels/kernel_initialise.c
mpicc -c -o 2d/c_kernels/diffuse_overload.o -DSPEC -DNDEBUG  -I2d/drivers/ -I2d/c_kernels -Ofast -DENABLE_PROFILING         -lm         2d/c_kernels/diffuse_overload.c
mpicc -c -o 2d/c_kernels/solver_methods.o -DSPEC -DNDEBUG  -I2d/drivers/ -I2d/c_kernels -Ofast -DENABLE_PROFILING         -lm         2d/c_kernels/solver_methods.c
mpicc      -Ofast -DENABLE_PROFILING      -lm    2d/chunk.o 2d/comms.o 2d/diffuse.o 2d/initialise.o 2d/main.o 2d/parse_config.o 2d/profiler.o 2d/settings.o 2d/shared.o 2d/drivers/cg_driver.o 2d/drivers/cheby_driver.o 2d/drivers/eigenvalue_driver.o 2d/drivers/field_summary_driver.o 2d/drivers/halo_update_driver.o 2d/drivers/jacobi_driver.o 2d/drivers/kernel_initialise_driver.o 2d/drivers/ppcg_driver.o 2d/drivers/remote_halo_driver.o 2d/drivers/set_chunk_data_driver.o 2d/drivers/set_chunk_state_driver.o 2d/drivers/solve_finished_driver.o 2d/drivers/store_energy_driver.o 2d/c_kernels/cg.o 2d/c_kernels/cheby.o 2d/c_kernels/field_summary.o 2d/c_kernels/jacobi.o 2d/c_kernels/kernel_initialise.o 2d/c_kernels/kernel_interface.o 2d/c_kernels/local_halos.o 2d/c_kernels/pack_halos.o 2d/c_kernels/ppcg.o 2d/c_kernels/set_chunk_data.o 2d/c_kernels/set_chunk_state.o 2d/c_kernels/solver_methods.o 2d/c_kernels/store_energy.o 2d/c_kernels/diffuse_overload.o                      -o tealeaf  
specmake --output-sync -j 10 options

COMP: "mpicc -c -o options.o -DSPEC -DNDEBUG  -I2d/drivers/ -I2d/c_kernels -Ofast -DENABLE_PROFILING         -lm         <source>"
C: CC="mpicc"
C: COBJOPT="-c -o options"
P: CPUFLAGS="-DSPEC -DNDEBUG"
P: BENCH_FLAGS=""
P: BENCH_CFLAGS="-I2d/drivers/ -I2d/c_kernels"
O: OPTIMIZE="-Ofast -DENABLE_PROFILING"
O: COPTIMIZE=""
P: PORTABILITY=""
P: CPORTABILITY="-lm"
O: EXTRA_CFLAGS=""
O: EXTRA_OPTIMIZE=""
O: EXTRA_COPTIMIZE=""
P: EXTRA_PORTABILITY=""
P: EXTRA_CPORTABILITY=""
LINK: "mpicc      -Ofast -DENABLE_PROFILING      -lm    <objects>            -o options  "
C: LD="mpicc"
O: OPTIMIZE="-Ofast -DENABLE_PROFILING"
P: CPORTABILITY="-lm"
C: LDOUT="-o options"
specmake --output-sync -j 10 compiler-version

 CC_VERSION_OPTION:

gcc (Spack GCC) 9.3.0
Copyright (C) 2019 Free Software Foundation, Inc.
This is free software; see the source for copying conditions.  There is NO
warranty; not even for MERCHANTABILITY or FITNESS FOR A PARTICULAR PURPOSE.


Build successes for tiny: 518.tealeaf_t(base)
Build errors for tiny: None

Setting Up Run Directories
  Setting up 518.tealeaf_t ref base aws_mpi: run_base_ref_aws_mpi.0001
Running Benchmarks
  Running (#1) 518.tealeaf_t ref base aws_mpi [2022-08-16 11:09:22]
/lustre/SPEChpc/bin/specinvoke -d /home/sam/g3_spec_results/tiny/tiny_gnu9_128/benchspec/HPC/518.tealeaf_t/run/run_base_ref_aws_mpi.0001 -f speccmds.cmd -q -e speccmds.err -o speccmds.stdout
/lustre/SPEChpc/bin/specinvoke -d /home/sam/g3_spec_results/tiny/tiny_gnu9_128/benchspec/HPC/518.tealeaf_t/run/run_base_ref_aws_mpi.0001 -f compare.cmd -E -e compare.err -o compare.stdout
  Running (#2) 518.tealeaf_t ref base aws_mpi [2022-08-16 11:41:27]
/lustre/SPEChpc/bin/specinvoke -d /home/sam/g3_spec_results/tiny/tiny_gnu9_128/benchspec/HPC/518.tealeaf_t/run/run_base_ref_aws_mpi.0001 -f speccmds.cmd -q -e speccmds.err -o speccmds.stdout
/lustre/SPEChpc/bin/specinvoke -d /home/sam/g3_spec_results/tiny/tiny_gnu9_128/benchspec/HPC/518.tealeaf_t/run/run_base_ref_aws_mpi.0001 -f compare.cmd -E -e compare.err -o compare.stdout
Success: 2x518.tealeaf_t
Producing Raw Reports
 label: aws_mpi
  workload: ref
   metric: SPEChpc2021_tny_base
    format: raw -> /home/sam/g3_spec_results/tiny/tiny_gnu9_128/result/hpc2021_tny.005.tiny.ref.rsf
Parsing flags for 518.tealeaf_t base: done
Doing flag reduction: done
    format: flags -> /home/sam/g3_spec_results/tiny/tiny_gnu9_128/result/hpc2021_tny.005.tiny.ref.flags.html
    format: cfg -> /home/sam/g3_spec_results/tiny/tiny_gnu9_128/result/hpc2021_tny.005.tiny.ref.cfg, /home/sam/g3_spec_results/tiny/tiny_gnu9_128/result/hpc2021_tny.005.tiny.ref.orig.cfg
    format: CSV -> /home/sam/g3_spec_results/tiny/tiny_gnu9_128/result/hpc2021_tny.005.tiny.ref.csv
    format: PDF -> /home/sam/g3_spec_results/tiny/tiny_gnu9_128/result/hpc2021_tny.005.tiny.ref.pdf
    format: HTML -> /home/sam/g3_spec_results/tiny/tiny_gnu9_128/result/hpc2021_tny.005.tiny.ref.html
    format: PostScript -> /home/sam/g3_spec_results/tiny/tiny_gnu9_128/result/hpc2021_tny.005.tiny.ref.ps
    format: Text -> /home/sam/g3_spec_results/tiny/tiny_gnu9_128/result/hpc2021_tny.005.tiny.ref.txt

The log for this run is in /home/sam/g3_spec_results/tiny/tiny_gnu9_128/result/hpc2021.005.log

runhpc finished at 2022-08-16 12:03:03; 3224 total seconds elapsed
